[unleash] factor=30 range=[5.0, 200.0] offsets=0x48..0x100
[unleash] filter='Damage' repeat=2s
[unleash] launching — load a save and look for visibly broken stats
[red4ext-mac] loader init 2026-05-29T17:22:04, base=0x102e64000 slide=0x2e64000
[singleton-access] initial poll: 0x0 (null — expected at load time; DB built later)
[apply-trigger] polling thread started (interval=50ms, stable-threshold=3 polls, timeout=300000ms)
[tweakxl] plugin orchestrator init
[S_API] SteamAPI_Init(): Loaded '/Users/lucas_1/Library/Application Support/Steam/Steam.AppBundle/Steam/Contents/MacOS/steamclient.dylib' OK.
May 29 17:22:05  Cyberpunk2077[33439] <Error>: GameServicesSteam: Failed to initialize Steam
[S_API FAIL] Tried to access Steam interface SteamUser023 before SteamAPI_Init succeeded.
[apply-trigger] singleton non-null at poll 44 (TweakDB=0x3258201c0)
[apply-trigger] count stable at 843 after 3 consecutive polls
[apply-trigger] firing callbacks (db=0x3258201c0, poll #72)
[apply-trigger] callback batch snapshot: size=2 fired=0
[apply-trigger] lambda entered (db=0x3258201c0)
[tweakdb] H-008 verification: mapA(+0x58).count=193354 mapC(+0x108).count=10 verdict=flats-is-A
[tweakdb] H-008 raw: mapA{@08=193354,@0c=193354} records{@08=843,@0c=843} mapC{@08=10,@0c=13} (F-015 lists mapC.count@0c=+0x114; F-012/F-019 use @08)
[tweakdb] state: records.count=843 valueBufferSize=4291664
[apply-trigger] after VerifyH008
[hashmap] hash-function: fnv1a-8B stored=0xe26cc0a7 computed=0xe26cc0a7 key=<TweakDBID(0x0ad51020,len=1,off=0x000000)> bucket=0/843
[hashmap] lookup-test: pass key=<TweakDBID(0x0ad51020,len=1)> entry=0x701c3866a0 expected=0x701c3866a0
[apply-trigger] after VerifyHashFunction
[flat-layout] flats: count=193354 stride=0x20 bufferBase=0x71b4c8000 bufferSize=4291664
[flat-layout] sample[0]: hash=0xce8348b9 key=<TweakDBID(0xce8348b9,len=39,off=0x000000)> viaTdb.vft=0x0 viaTdb.raw32=0x00000000 asI32=0 asF32=0 entry+0x10.i32=449045280 ptr@0x10=0x31ac3e320 ptr@0x18=0x31a76d7b8
[flat-layout] sample[1]: hash=0x8ccf59c9 key=<TweakDBID(0x8ccf59c9,len=43,off=0x000000)> viaTdb.vft=0x0 viaTdb.raw32=0x00000000 asI32=0 asF32=0 entry+0x10.i32=450464208 ptr@0x10=0x31ad989d0 ptr@0x18=0x31ae2cbe0
[flat-layout] sample[2]: hash=0x5bd16bfd key=<TweakDBID(0x5bd16bfd,len=28,off=0x000000)> viaTdb.vft=0x0 viaTdb.raw32=0x00000000 asI32=0 asF32=0 entry+0x10.i32=455941072 ptr@0x10=0x31b2d1bd0 ptr@0x18=0x31b2f3d98
[flat-layout] sample[3]: hash=0x3dbd038a key=<TweakDBID(0x3dbd038a,len=49,off=0x000000)> viaTdb.vft=0x0 viaTdb.raw32=0x00000000 asI32=0 asF32=0 entry+0x10.i32=459174976 ptr@0x10=0x31b5e7440 ptr@0x18=0x31b657618
[flat-layout] sample[4]: hash=0xa1d4c90d key=<TweakDBID(0xa1d4c90d,len=52,off=0x000000)> viaTdb.vft=0x0 viaTdb.raw32=0x00000000 asI32=0 asF32=0 entry+0x10.i32=447952944 ptr@0x10=0x31ab33830 ptr@0x18=0x31abcbba0
[flat-layout] sample[5]: hash=0x23a86068 key=<TweakDBID(0x23a86068,len=39,off=0x000000)> viaTdb.vft=0x0 viaTdb.raw32=0x00000000 asI32=0 asF32=0 entry+0x10.i32=500973632 ptr@0x10=0x31ddc4040 ptr@0x18=0x31dd91300
[flat-layout] verdict: flatValue-ptr-at-entry type-tag-offset:+0x00(vft) value-data-offset:+0x8 buffer-offset-source:entry-ptr tally{tdb=0 ptr@0x18=6 ptr@0x10=6 entryOff=0}/6
[hashmap] flats-map hash-function: nameHash-direct stored=0xce8348b9 fnv8=0x0ee3fa46 fnv5=0x33c7bd12 crc8=0x289b8eb0 name=0xce8348b9
[flat-rw] read id=<TweakDBID(0xce8348b9,len=39)> found=yes raw=0x00000002
[flat-write] id=<TweakDBID(0xce8348b9,len=39)> type=Int32 @0x31a76d7c0 old=0x00000002 new=0x00000003 width=4 verify=ok
[flat-rw] write id=<0xce8348b9> old=0x00000002 new=0x00000003 result=ok reread=0x00000003 match=yes
[flat-write] id=<TweakDBID(0xce8348b9,len=39)> type=Int32 @0x31a76d7c0 old=0x00000003 new=0x00000002 width=4 verify=ok
[flat-rw] restore old=0x00000002 result=ok
[flat-rw] verdict: pass
[apply-trigger] after VerifyFlatEntry
[flat-probe] preflight-self(records): storedKey=0x000000010ad51020 fullKeyLookup=HIT compactRebuildLookup=HIT
[flat-probe] preflight-self(flats): storedKey=0x00000027ce8348b9 fullKeyLookup=HIT compactRebuildLookup=HIT
[flat-probe] preflight: records-map lookup of 'Items.Preset_Nova_Default' (hash=0xb1e27e8e) -> MISS
[flat-probe] NOTE: 'Items.Preset_Nova_Default' absent from records map (records path verified). Flats lookup path IS verified (self-test compact HIT) — candidate MISSes are trustworthy.
[flat-probe] candidates file: /Users/lucas_1/Programming/cp2077-mac-mods/build/src/red4ext-mac/../../../tools/probes/candidate_flats.txt (source=dylib-relative)
[flat-probe] MISS name=Items.Preset_Nova_Default.weaponNearPlane hash=0x953d2276
[flat-probe] MISS name=Items.Preset_Nova_Default.weaponFarPlane hash=0x3684a671
[flat-probe] MISS name=Items.Preset_Nova_Default.weaponVignetteIntensity hash=0x625e1374
[flat-probe] MISS name=Items.Preset_Nova_Default.weaponVignetteRadius hash=0x643b7390
[flat-probe] MISS name=Items.Preset_Nova_Default.weaponBlurIntensity hash=0x91d9a2df
[flat-probe] MISS name=Items.Preset_Nova_Default.minimumReloadTime hash=0x1ee75bb9
[flat-probe] MISS name=Items.Preset_Nova_Default.scaleToPlayer hash=0x73777a62
[flat-probe] MISS name=Items.Preset_Lexington_Default.weaponNearPlane hash=0x3f0e8643
[flat-probe] MISS name=Items.Preset_Lexington_Default.weaponVignetteIntensity hash=0xa4ee4b24
[flat-probe] MISS name=Items.Preset_Lexington_Default.minimumReloadTime hash=0x6d6d54cd
[flat-probe] MISS name=Items.Preset_HMG_Default.weaponNearPlane hash=0x22689253
[flat-probe] MISS name=Items.Preset_HMG_Default.minimumReloadTime hash=0x3d758f87
[flat-probe] MISS name=Items.Preset_Defender_Default.weaponVignetteIntensity hash=0x200c94b3
[flat-probe] MISS name=Items.Preset_Defender_Default.minimumReloadTime hash=0xe63a2ce2
[flat-probe] MISS name=Items.Preset_Burya_Default.weaponNearPlane hash=0x0a4af949
[flat-probe] MISS name=Items.Preset_Burya_Default.specialAttackCost hash=0x0892accc
[flat-probe] MISS name=Items.Preset_Overture_Default.weaponNearPlane hash=0xba8948e3
[flat-probe] MISS name=Items.Preset_Overture_Default.weaponVignetteIntensity hash=0xe83253fc
[flat-probe] MISS name=Items.Preset_Quasar_Default.minimumReloadTime hash=0x8cff6bd1
[flat-probe] MISS name=Items.Preset_Crusher_Default.minimumReloadTime hash=0xcf91e8c4
[flat-probe] MISS name=Items.Preset_Dian_Default.weaponNearPlane hash=0xb76a2222
[flat-probe] MISS name=Items.Preset_Pulsar_Default.weaponVignetteIntensity hash=0x1ceaf5e5
[flat-probe] MISS name=Items.Preset_Saratoga_Default.weaponNearPlane hash=0xc8010697
[flat-probe] MISS name=Items.Preset_Shingen_Default.weaponEdgesSharpness hash=0x9b09e172
[flat-probe] MISS name=Items.Preset_Metel_Default.weaponNearPlane hash=0x56241019
[flat-probe] MISS name=Items.Preset_Nova_Default.specialAttackNumber hash=0x488ed24f
[flat-probe] MISS name=Items.Preset_Nova_Default.numberOfHandAnims hash=0xbf2c758b
[flat-probe] MISS name=Items.Preset_Nova_Default.saveStatPools hash=0xb6ab8fa5
[flat-probe] MISS name=Items.Preset_Nova_Default.weaponSwapOnAttackDelay hash=0x70894215
[flat-probe] MISS name=Items.GrenadeFragRegular.delayToDetonate hash=0x1d2a9b06
[flat-probe] MISS name=Items.GrenadeFragRegular.explodeOnImpact hash=0x3ca99f4f
[flat-probe] MISS name=Items.GrenadeFragRegular.minimumDistanceFromFloor hash=0xc5c596fd
[flat-probe] MISS name=Items.GrenadeFragSticky.delayToDetonate hash=0x6e3f9975
[flat-probe] MISS name=Items.GrenadeFragSticky.explodeOnImpact hash=0x4fbc9d3c
[flat-probe] MISS name=Items.GrenadeFlashRegular.delayToDetonate hash=0x23bb8a4c
[flat-probe] MISS name=Items.GrenadeEMPRegular.delayToDetonate hash=0xba29944b
[flat-probe] MISS name=Items.GrenadeEMPRegular.turretDisableDuration hash=0x4d82a039
[flat-probe] MISS name=Items.GrenadeBiohazardRegular.delayToDetonate hash=0x6c76e2f6
[flat-probe] MISS name=Items.GrenadeIncendiaryRegular.delayToDetonate hash=0x33d315a9
[flat-probe] MISS name=Items.GrenadeIncendiaryRegular.freezingDuration hash=0x06a6da34
[flat-probe] MISS name=Items.GrenadeSmokeRegular.smokeEffectRadius hash=0x6e12faae
[flat-probe] MISS name=Items.GrenadeSmokeRegular.smokeEffectDuration hash=0x01eda64a
[flat-probe] MISS name=Items.GrenadeReconRegular.delayToDetonate hash=0xb8eb853e
[flat-probe] MISS name=Items.GrenadeFragRegular.startVelocity hash=0xb9659fe4
[flat-probe] MISS name=Items.GrenadeFragRegular.lifetime hash=0x9338ef8f
[flat-probe] MISS name=Attacks.MissileProjectile.explosionRadius hash=0xdef451b5
[flat-probe] MISS name=Attacks.MissileProjectile.explosionRange hash=0xce06b884
[flat-probe] MISS name=Attacks.MissileProjectile.detonationTimer hash=0x0cfdf5ea
[flat-probe] MISS name=Attacks.MissileProjectile.gravitySimulation hash=0x338cc89d
[flat-probe] MISS name=Attacks.HerculesProjectile.explosionRadius hash=0x17ab0995
[flat-probe] MISS name=Attacks.HerculesProjectile.explosionRange hash=0x9d7e1ef7
[flat-probe] MISS name=Attacks.ChimeraRocketProjectile.explosionRadius hash=0x110030aa
[flat-probe] MISS name=Attacks.ChimeraRocketProjectile.explosionRange hash=0x80f23eb2
[flat-probe] MISS name=Attacks.RocketChargedProjectile.explosionRadius hash=0x2d80b08b
[flat-probe] MISS name=Attacks.EMPProjectile.explosionRadius hash=0xe6a04b11
[flat-probe] MISS name=Attacks.ChemicalProjectile.armingDistance hash=0xc4eb8ce5
[flat-probe] MISS name=Attacks.PlasmaProjectile.explosionRadius hash=0xee07d4ab
[flat-probe] MISS name=Attacks.Bullet_GameEffect.chance hash=0xbcf5cb02
[flat-probe] MISS name=Attacks.Bullet_GameEffect.attackEffectDuration hash=0x9bddf753
[flat-probe] MISS name=Character.Player_Puppet_Base.mass hash=0xf50b4a8c
[flat-probe] MISS name=Character.Player_Puppet_Base.sizeFront hash=0x2deb7422
[flat-probe] MISS name=Character.Player_Puppet_Base.sizeBack hash=0xab2cee50
[flat-probe] MISS name=Character.Player_Puppet_Base.sizeLeft hash=0xbc85c80f
[flat-probe] MISS name=Character.Player_Puppet_Base.sizeRight hash=0x67da63c0
[flat-probe] MISS name=Character.Player_Puppet_Base.walkTiltCoefficient hash=0x190e773e
[flat-probe] MISS name=Character.Player_Puppet_Base.tiltAngleOnSpeed hash=0x878562d0
[flat-probe] MISS name=Character.Player_Puppet_Base.turnInertiaDamping hash=0xdaad59f5
[flat-probe] MISS name=Character.Player_Puppet_Base.pseudoAcceleration hash=0x5aa021d1
[flat-probe] MISS name=Character.Player_Puppet_Base.airDeathRagdollDelay hash=0x3d6e5934
[flat-probe] MISS name=Character.Player_Puppet_Base.speedIdleThreshold hash=0x6401249b
[flat-probe] MISS name=Character.Player_Puppet_Base.saveStatPools hash=0x4a4558f6
[flat-probe] MISS name=Character.Silverhand.mass hash=0xec106cb2
[flat-probe] MISS name=Character.Silverhand.level hash=0x1bd4c9e9
[flat-probe] MISS name=Character.johnny_replacer.mass hash=0xb87511b0
[flat-probe] MISS name=Character.Player_Puppet_Base.combatDefaultZOffset hash=0x34fcaae5
[flat-probe] MISS name=Character.Player_Puppet_Base.massNormalizedCoefficient hash=0xef515efe
[flat-probe] MISS name=Character.Player_Puppet_Base.startingRecoveryBalance hash=0x8d17996d
[flat-probe] MISS name=BaseStatusEffect.BerserkNPCBuff.expModifier hash=0x2150d839
[flat-probe] MISS name=BaseStatusEffect.BerserkNPCBuff.costReductionPerStack hash=0x40d87d24
[flat-probe] MISS name=BaseStatusEffect.BerserkNPCBuff.canReapply hash=0x2b2b74f8
[flat-probe] MISS name=BaseStatusEffect.AirDrop_Burning.armorMeltMaxPercent hash=0x71b6fbde
[flat-probe] MISS name=BaseStatusEffect.AirDrop_Burning.canReapply hash=0xc39a5942
[flat-probe] MISS name=BaseStatusEffect.Cloaked.expModifier hash=0xe18591cb
[flat-probe] MISS name=BaseStatusEffect.Cloaked.canReapply hash=0x440e2b87
[flat-probe] MISS name=BaseStatusEffect.ForceKill.canReapply hash=0xddc3c5a3
[flat-probe] MISS name=BaseStatusEffect.GlowingTattoos.canReapply hash=0xc32726c8
[flat-probe] MISS name=BaseStatusEffect.CloakedOda.canReapply hash=0x09266ab6
[flat-probe] MISS name=Items.GoodQualityAlcohol1.amountOfCapacityGivenForRipperdocUI hash=0x1d29ff8f
[flat-probe] MISS name=Items.GoodQualityDrink1.amountOfCapacityGivenForRipperdocUI hash=0x54e4236f
[flat-probe] MISS name=Items.FirstAidWhiffV0.amountOfCapacityGivenForRipperdocUI hash=0x1d7c16d4
[flat-probe] MISS name=NewPerks.RipAndTearRanged_Buff.timeDilationStrength hash=0x4770f22e
[flat-probe] MISS name=NewPerks.RipAndTearRanged_Buff.timeDilationDuration hash=0x17969336
[flat-probe] MISS name=Attacks.RocketChargedExplosion.explosionRadius hash=0xe026344c
[flat-probe] MISS name=Attacks.PanzerRainMissile.explosionRadius hash=0x2e3fdd77
[flat-probe] MISS name=Attacks.DelamainRainMissile.explosionRadius hash=0x9dcf4756
[flat-probe] MISS name=Attacks.RainMissile.explosionRadius hash=0x2a4f0ea1
[flat-probe] MISS name=Items.Preset_HMG_Default.weaponVignetteIntensity hash=0x0d197da6
[flat-probe] MISS name=Character.Player_Puppet_Base.level hash=0xdaaccf64
[flat-probe] sweep complete: 98 candidates, hits=0, misses=98
[apply-trigger] after VerifyCandidateFlats
[flat-dump] flat-buffer base=0x71b4c8000 size=4291664
[flat-dump] map=+0x58 count=193354 bucketCount=193354 stride=32 entries=0x71d7b0000
[flat-dump] deep-walking 500 of 193354 entries
[flat-dump] walked 500 entries, 139 unique vfts
[flat-dump] === deep p10 dump (256 bytes) entry[0] key=0x0000002b000032a5 p10=0x31da88d80 ===
[flat-dump]   p10[+0x00] = 0000000109edd740 000000031da88d80 | asF: 5.726e-33 4.462e-21 | asI: 166582080 497585536
[flat-dump]   p10[+0x10] = 00000003259bd098 0000000000000000 | asF: 2.703e-16 0 | asI: 630968472 0
[flat-dump]   p10[+0x20] = 0000000000000000 00000000000362ef | asF: 0 3.11e-40 | asI: 0 221935
[flat-dump]   p10[+0x30] = 0000000000000000 0000000000000000 | asF: 0 0 | asI: 0 0
[flat-dump]   p10[+0x40] = 0000002b000032a5 d0af2f35a677ee39 | asF: 1.817e-41 -8.602e-16 | asI: 12965 -1502089671
[flat-dump]   p10[+0x50] = a962498f00000000 0000000010293932 | asF: 0 3.337e-29 | asI: 0 271137074
[flat-dump]   p10[+0x60] = 482d1439b66ef9d6 6aecd9d800000000 | asF: -3.561e-06 0 | asI: -1234241066 0
[flat-dump]   p10[+0x70] = 0000000050404031 e0a740316559d55c | asF: 1.29e+10 6.429e+22 | asI: 1346388017 1700386140
[flat-dump]   p10[+0x80] = 878d7b4300000000 00000000e0a74032 | asF: 0 -9.641e+19 | asI: 0 -525909966
[flat-dump]   p10[+0x90] = 0000000109ec9520 000000031da88e10 | asF: 5.696e-33 4.462e-21 | asI: 166499616 497585680
[flat-dump]   p10[+0xa0] = 00000003259bd050 0000000000000000 | asF: 2.703e-16 0 | asI: 630968400 0
[flat-dump]   p10[+0xb0] = 0000000000000000 0000000000036305 | asF: 0 3.11e-40 | asI: 0 221957
[flat-dump]   p10[+0xc0] = 0000000000000000 0000000000000000 | asF: 0 0 | asI: 0 0
[flat-dump]   p10[+0xd0] = 0000003400034e4c a0e3343d61c9a87e | asF: 3.036e-40 4.65e+20 | asI: 216652 1640605822
[flat-dump]   p10[+0xe0] = a25f1dd200000000 00000000b0922c41 | asF: 0 -1.064e-09 | asI: 0 -1332597695
[flat-dump]   p10[+0xf0] = 70773b3cf13e5620 1ebc506700000000 | asF: -9.425e+29 0 | asI: -247572960 0
[S_API FAIL] Tried to access Steam interface SteamFriends017 before SteamAPI_Init succeeded.
May 29 17:22:08  Cyberpunk2077[33439] <Error>: GameServicesSteam::OnSetRichPresence: Failed to set status 'MainMenu'
[flat-dump] buffer-scan: 3259 distinct 4-aligned offsets in [5,500] over 4194304 bytes
[flat-dump] === REVERSE-SCAN: vfts whose bufOffs land on gameplay-float slots ===
[flat-dump] === FLOAT-typed clusters (sorted by absolute floatRange count) ===
[flat-dump] === Per-cluster type classification (top by freq) ===
[flat-dump] type[0]: vft=0x109eb65b8 freq=74 dominant=String [F=0 I=8 S=16 B=0 C=0 Z=1]
[flat-dump] e[5] hash=0x000084da len=32 p10=0x322d2dd40 vft=0x109eb65b8 +8=0000000322d2dd40 +10=00000003259bd0a8 +18=0000000000000000 +20=0000000000000000 +28=00000000000362f4 +30=0000000000000000 +38=0000000000000000 +40=00000020000084da [asF: +8=5.715e-18 +10=2.703e-16 +18=0 +20=0 +28=3.11e-40 +30=0 +38=0 +40=4.766e-41]
[flat-dump] e[11] hash=0x00017796 len=35 p10=0x322d2de90 vft=0x109eb65b8 +8=0000000322d2de90 +10=00000003259bd120 +18=0000000000000000 +20=0000000000000000 +28=00000000000362fa +30=0000000000000000 +38=0000000000000000 +40=0000002300017796 [asF: +8=5.716e-18 +10=2.703e-16 +18=0 +20=0 +28=3.11e-40 +30=0 +38=0 +40=1.347e-40]
[flat-dump] e[21] hash=0x00032e1b len=35 p10=0x322d2df70 vft=0x109eb65b8 +8=0000000322d2df70 +10=00000003259bd068 +18=0000000000000000 +20=0000000000000000 +28=0000000000036304 +30=0000000000000000 +38=0000000000000000 +40=0000002300032e1b [asF: +8=5.716e-18 +10=2.703e-16 +18=0 +20=0 +28=3.11e-40 +30=0 +38=0 +40=2.92e-40]
[flat-dump] type[1]: vft=0x109eba820 freq=19 dominant=String [F=0 I=1 S=8 B=0 C=0 Z=0]
[flat-dump] e[69] hash=0x0012a4c1 len=40 p10=0x701386ed40 vft=0x109eba820 +8=000000701386ed40 +10=00000003259bc1d0 +18=0000000000000000 +20=0000000000000000 +28=0000000000036334 +30=0000000000000000 +38=0000000000000000 +40=000000280012a4c1 [asF: +8=3.406e-27 +10=2.702e-16 +18=0 +20=0 +28=3.111e-40 +30=0 +38=0 +40=1.712e-39]
[flat-dump] e[216] hash=0x003f89fa len=52 p10=0x701387e010 vft=0x109eba820 +8=000000701387e010 +10=00000003259bc1a8 +18=0000000000000000 +20=0000000000000000 +28=00000000000363c7 +30=0000000000000000 +38=0000000000000000 +40=00000034003f89fa [asF: +8=3.43e-27 +10=2.702e-16 +18=0 +20=0 +28=3.113e-40 +30=0 +38=0 +40=5.835e-39]
[flat-dump] e[233] hash=0x0044e64c len=20 p10=0x701387e490 vft=0x109eba820 +8=000000701387e490 +10=00000003259bb608 +18=0000000000000000 +20=0000000000000000 +28=00000000000363d8 +30=0000000000000000 +38=0000000000000000 +40=000000140044e64c [asF: +8=3.43e-27 +10=2.701e-16 +18=0 +20=0 +28=3.113e-40 +30=0 +38=0 +40=6.327e-39]
[flat-dump] type[2]: vft=0x109ee6788 freq=19 dominant=String [F=0 I=1 S=2 B=0 C=0 Z=1]
[flat-dump] e[49] hash=0x000a10f0 len=35 p10=0x31da89170 vft=0x109ee6788 +8=000000031da89170 +10=00000003259bc000 +18=0000000000000000 +20=0000000000000000 +28=0000000000036320 +30=0000000000000000 +38=0000000000000000 +40=00000023000a10f0 [asF: +8=4.462e-21 +10=2.702e-16 +18=0 +20=0 +28=3.111e-40 +30=0 +38=0 +40=9.244e-40]
[flat-dump] e[75] hash=0x001517e7 len=39 p10=0x31da89320 vft=0x109ee6788 +8=000000031da89320 +10=00000003259bce48 +18=0000000000000000 +20=0000000000000000 +28=000000000003633a +30=0000000000000000 +38=0000000000000000 +40=00000027001517e7 [asF: +8=4.462e-21 +10=2.703e-16 +18=0 +20=0 +28=3.111e-40 +30=0 +38=0 +40=1.937e-39]
[flat-dump] e[95] hash=0x001b289e len=41 p10=0x31da89440 vft=0x109ee6788 +8=000000031da89440 +10=00000003259bbb58 +18=0000000000000000 +20=0000000000000000 +28=000000000003634e +30=0000000000000000 +38=0000000000000000 +40=00000029001b289e [asF: +8=4.462e-21 +10=2.702e-16 +18=0 +20=0 +28=3.111e-40 +30=0 +38=0 +40=2.494e-39]
[flat-dump] type[3]: vft=0x109ef0f20 freq=15 dominant=String [F=0 I=0 S=3 B=0 C=0 Z=1]
[flat-dump] e[1] hash=0x00003392 len=34 p10=0x32593eb70 vft=0x109ef0f20 +8=000000032593eb70 +10=00000003259bcfd8 +18=0000000000000000 +20=0000000000000000 +28=00000000000362f0 +30=0000000000000000 +38=0000000000000000 +40=0000002200003392 [asF: +8=2.566e-16 +10=2.703e-16 +18=0 +20=0 +28=3.11e-40 +30=0 +38=0 +40=1.85e-41]
[flat-dump] e[4] hash=0x00007e2e len=27 p10=0x32593ebd0 vft=0x109ef0f20 +8=000000032593ebd0 +10=00000003259bcff0 +18=0000000000000000 +20=0000000000000000 +28=00000000000362f3 +30=0000000000000000 +38=0000000000000000 +40=0000001b00007e2e [asF: +8=2.566e-16 +10=2.703e-16 +18=0 +20=0 +28=3.11e-40 +30=0 +38=0 +40=4.526e-41]
[flat-dump] e[16] hash=0x0002266a len=21 p10=0x32593ec90 vft=0x109ef0f20 +8=000000032593ec90 +10=00000003259bbf70 +18=0000000000000000 +20=0000000000000000 +28=00000000000362ff +30=0000000000000000 +38=0000000000000000 +40=000000150002266a [asF: +8=2.566e-16 +10=2.702e-16 +18=0 +20=0 +28=3.11e-40 +30=0 +38=0 +40=1.975e-40]
[flat-dump] type[4]: vft=0x109ee81a0 freq=14 dominant=String [F=0 I=1 S=4 B=0 C=0 Z=0]
[flat-dump] e[13] hash=0x0001c7de len=57 p10=0x325947680 vft=0x109ee81a0 +8=0000000325947680 +10=00000003259bbef0 +18=0000000000000000 +20=0000000000000000 +28=00000000000362fc +30=0000000000000000 +38=0000000000000000 +40=000000390001c7de [asF: +8=2.575e-16 +10=2.702e-16 +18=0 +20=0 +28=3.11e-40 +30=0 +38=0 +40=1.635e-40]
[flat-dump] e[37] hash=0x000604b6 len=43 p10=0x325947870 vft=0x109ee81a0 +8=0000000325947870 +10=00000003259bcfb0 +18=0000000000000000 +20=0000000000000000 +28=0000000000036314 +30=0000000000000000 +38=0000000000000000 +40=0000002b000604b6 [asF: +8=2.576e-16 +10=2.703e-16 +18=0 +20=0 +28=3.11e-40 +30=0 +38=0 +40=5.527e-40]
[flat-dump] e[42] hash=0x00082589 len=55 p10=0x325947a60 vft=0x109ee81a0 +8=0000000325947a60 +10=00000003259bcf58 +18=0000000000000000 +20=0000000000000000 +28=0000000000036319 +30=0000000000000000 +38=0000000000000000 +40=0000003700082589 [asF: +8=2.576e-16 +10=2.703e-16 +18=0 +20=0 +28=3.111e-40 +30=0 +38=0 +40=7.481e-40]
[flat-dump] type[5]: vft=0x109f14698 freq=12 dominant=String [F=0 I=1 S=3 B=0 C=0 Z=0]
[flat-dump] e[48] hash=0x000a0e8a len=36 p10=0x322d2e280 vft=0x109f14698 +8=0000000322d2e280 +10=00000003259bbdf0 +18=0000000000000000 +20=0000000000000000 +28=000000000003631f +30=0000000000000000 +38=0000000000000000 +40=00000024000a0e8a [asF: +8=5.716e-18 +10=2.702e-16 +18=0 +20=0 +28=3.111e-40 +30=0 +38=0 +40=9.236e-40]
[flat-dump] e[72] hash=0x00136638 len=36 p10=0x322d2e590 vft=0x109f14698 +8=0000000322d2e590 +10=00000003259bce60 +18=0000000000000000 +20=0000000000000000 +28=0000000000036337 +30=0000000000000000 +38=0000000000000000 +40=0000002400136638 [asF: +8=5.716e-18 +10=2.703e-16 +18=0 +20=0 +28=3.111e-40 +30=0 +38=0 +40=1.782e-39]
[flat-dump] e[171] hash=0x0030d83c len=37 p10=0x322d2f1d0 vft=0x109f14698 +8=0000000322d2f1d0 +10=00000003259bc1a0 +18=0000000000000000 +20=0000000000000000 +28=000000000003639a +30=0000000000000000 +38=0000000000000000 +40=000000250030d83c [asF: +8=5.718e-18 +10=2.702e-16 +18=0 +20=0 +28=3.112e-40 +30=0 +38=0 +40=4.486e-39]
[flat-dump] type[6]: vft=0x109eb1668 freq=12 dominant=String [F=0 I=0 S=4 B=0 C=0 Z=0]
[flat-dump] e[12] hash=0x00019984 len=62 p10=0x7013e1f240 vft=0x109eb1668 +8=0000007013e1f240 +10=00000003259bd140 +18=0000000000000000 +20=0000000000000000 +28=00000000000362fb +30=0000000000000000 +38=0000000000000000 +40=0000003e00019984 [asF: +8=5.704e-27 +10=2.703e-16 +18=0 +20=0 +28=3.11e-40 +30=0 +38=0 +40=1.469e-40]
[flat-dump] e[23] hash=0x00036896 len=61 p10=0x70021f64e0 vft=0x109eb1668 +8=00000070021f64e0 +10=00000003259bd040 +18=0000000000000000 +20=0000000000000000 +28=0000000000036306 +30=0000000000000000 +38=0000000000000000 +40=0000003d00036896 [asF: +8=1.171e-37 +10=2.703e-16 +18=0 +20=0 +28=3.11e-40 +30=0 +38=0 +40=3.13e-40]
[flat-dump] e[33] hash=0x000545b7 len=71 p10=0x7001b19ff0 vft=0x109eb1668 +8=0000007001b19ff0 +10=00000003259bcfc0 +18=0000000000000000 +20=0000000000000000 +28=0000000000036310 +30=0000000000000000 +38=0000000000000000 +40=00000047000545b7 [asF: +8=6.525e-38 +10=2.703e-16 +18=0 +20=0 +28=3.11e-40 +30=0 +38=0 +40=4.842e-40]
[flat-dump] type[7]: vft=0x109ec9520 freq=11 dominant=String [F=0 I=0 S=4 B=0 C=0 Z=0]
[flat-dump] e[22] hash=0x00034e4c len=52 p10=0x31da88e10 vft=0x109ec9520 +8=000000031da88e10 +10=00000003259bd050 +18=0000000000000000 +20=0000000000000000 +28=0000000000036305 +30=0000000000000000 +38=0000000000000000 +40=0000003400034e4c [asF: +8=4.462e-21 +10=2.703e-16 +18=0 +20=0 +28=3.11e-40 +30=0 +38=0 +40=3.036e-40]
[flat-dump] e[155] hash=0x002d289d len=41 p10=0x31da89950 vft=0x109ec9520 +8=000000031da89950 +10=00000003259bba10 +18=0000000000000000 +20=0000000000000000 +28=000000000003638a +30=0000000000000000 +38=0000000000000000 +40=00000029002d289d [asF: +8=4.463e-21 +10=2.701e-16 +18=0 +20=0 +28=3.112e-40 +30=0 +38=0 +40=4.147e-39]
[flat-dump] e[162] hash=0x002ef9a5 len=28 p10=0x31da89b00 vft=0x109ec9520 +8=000000031da89b00 +10=00000003259bbd18 +18=0000000000000000 +20=0000000000000000 +28=0000000000036391 +30=0000000000000000 +38=0000000000000000 +40=0000001c002ef9a5 [asF: +8=4.463e-21 +10=2.702e-16 +18=0 +20=0 +28=3.112e-40 +30=0 +38=0 +40=4.314e-39]
[flat-dump] type[8]: vft=0x109f1cc58 freq=11 dominant=String [F=0 I=0 S=3 B=0 C=0 Z=0]
[flat-dump] e[54] hash=0x000b945b len=48 p10=0x3258cf0f0 vft=0x109f1cc58 +8=00000003258cf0f0 +10=00000003259bc4a0 +18=0000000000000000 +20=0000000000000000 +28=0000000000036325 +30=0000000000000000 +38=0000000000000000 +40=00000030000b945b [asF: +8=2.445e-16 +10=2.702e-16 +18=0 +20=0 +28=3.111e-40 +30=0 +38=0 +40=1.063e-39]
[flat-dump] e[55] hash=0x000c503b len=47 p10=0x3258cf1a0 vft=0x109f1cc58 +8=00000003258cf1a0 +10=00000003259bcf18 +18=0000000000000000 +20=0000000000000000 +28=0000000000036326 +30=0000000000000000 +38=0000000000000000 +40=0000002f000c503b [asF: +8=2.445e-16 +10=2.703e-16 +18=0 +20=0 +28=3.111e-40 +30=0 +38=0 +40=1.131e-39]
[flat-dump] e[84] hash=0x001852e7 len=37 p10=0x3258cf300 vft=0x109f1cc58 +8=00000003258cf300 +10=00000003259bcd98 +18=0000000000000000 +20=0000000000000000 +28=0000000000036343 +30=0000000000000000 +38=0000000000000000 +40=00000025001852e7 [asF: +8=2.445e-16 +10=2.703e-16 +18=0 +20=0 +28=3.111e-40 +30=0 +38=0 +40=2.234e-39]
[flat-dump] type[9]: vft=0x109eca360 freq=11 dominant=String [F=0 I=1 S=3 B=0 C=0 Z=0]
[flat-dump] e[7] hash=0x0000e891 len=38 p10=0x322d6a410 vft=0x109eca360 +8=0000000322d6a410 +10=00000003259bd110 +18=0000000000000000 +20=0000000000000000 +28=00000000000362f6 +30=0000000000000000 +38=0000000000000000 +40=000000260000e891 [asF: +8=5.818e-18 +10=2.703e-16 +18=0 +20=0 +28=3.11e-40 +30=0 +38=0 +40=8.343e-41]
[flat-dump] e[143] hash=0x002a03c9 len=37 p10=0x322d6a9b0 vft=0x109eca360 +8=0000000322d6a9b0 +10=00000003259bc6b0 +18=0000000000000000 +20=0000000000000000 +28=000000000003637e +30=0000000000000000 +38=0000000000000000 +40=00000025002a03c9 [asF: +8=5.818e-18 +10=2.702e-16 +18=0 +20=0 +28=3.112e-40 +30=0 +38=0 +40=3.858e-39]
[flat-dump] e[149] hash=0x002bab1c len=40 p10=0x322d6aa50 vft=0x109eca360 +8=0000000322d6aa50 +10=00000003259bc4b8 +18=0000000000000000 +20=0000000000000000 +28=0000000000036384 +30=0000000000000000 +38=0000000000000000 +40=00000028002bab1c [asF: +8=5.819e-18 +10=2.702e-16 +18=0 +20=0 +28=3.112e-40 +30=0 +38=0 +40=4.01e-39]
[flat-dump] type[10]: vft=0x109ee82d0 freq=10 dominant=Int32 [F=0 I=1 S=0 B=0 C=0 Z=0]
[flat-dump] e[2] hash=0x00006a7f len=31 p10=0x325835580 vft=0x109ee82d0 +8=0000000325835580 +10=00000003259bcf78 +18=0000000000000000 +20=0000000000000000 +28=00000000000362f1 +30=0000000000000000 +38=0000000000000000 +40=0000001f00006a7f [asF: +8=2.278e-16 +10=2.703e-16 +18=0 +20=0 +28=3.11e-40 +30=0 +38=0 +40=3.82e-41]
[flat-dump] e[83] hash=0x00180f88 len=45 p10=0x325835780 vft=0x109ee82d0 +8=0000000325835780 +10=00000003259bcdb0 +18=0000000000000000 +20=0000000000000000 +28=0000000000036342 +30=0000000000000000 +38=0000000000000000 +40=0000002d00180f88 [asF: +8=2.278e-16 +10=2.703e-16 +18=0 +20=0 +28=3.111e-40 +30=0 +38=0 +40=2.21e-39]
[flat-dump] e[217] hash=0x003fb3cf len=61 p10=0x325835980 vft=0x109ee82d0 +8=0000000325835980 +10=00000003259bbec0 +18=0000000000000000 +20=0000000000000000 +28=00000000000363c8 +30=0000000000000000 +38=0000000000000000 +40=0000003d003fb3cf [asF: +8=2.279e-16 +10=2.702e-16 +18=0 +20=0 +28=3.113e-40 +30=0 +38=0 +40=5.85e-39]
[flat-dump] type[11]: vft=0x109f2bc98 freq=10 dominant=String [F=0 I=0 S=1 B=0 C=0 Z=0]
[flat-dump] e[70] hash=0x0012e6fd len=22 p10=0x7002cdd790 vft=0x109f2bc98 +8=0000007002cdd790 +10=00000003259bce90 +18=0000000000000000 +20=0000000000000000 +28=0000000000036335 +30=0000000000000000 +38=0000000000000000 +40=000000160012e6fd [asF: +8=3.025e-37 +10=2.703e-16 +18=0 +20=0 +28=3.111e-40 +30=0 +38=0 +40=1.736e-39]
[flat-dump] e[82] hash=0x0017b5ef len=39 p10=0x7002cddc20 vft=0x109f2bc98 +8=0000007002cddc20 +10=00000003259bcdc8 +18=0000000000000000 +20=0000000000000000 +28=0000000000036341 +30=0000000000000000 +38=0000000000000000 +40=000000270017b5ef [asF: +8=3.025e-37 +10=2.703e-16 +18=0 +20=0 +28=3.111e-40 +30=0 +38=0 +40=2.177e-39]
[flat-dump] e[134] hash=0x0027b5b7 len=24 p10=0x7001cb73e0 vft=0x109f2bc98 +8=0000007001cb73e0 +10=00000003259bc820 +18=0000000000000000 +20=0000000000000000 +28=0000000000036375 +30=0000000000000000 +38=0000000000000000 +40=000000180027b5b7 [asF: +8=7.474e-38 +10=2.702e-16 +18=0 +20=0 +28=3.112e-40 +30=0 +38=0 +40=3.647e-39]
[flat-dump] type[12]: vft=0x109f2bdc8 freq=9 dominant=String [F=0 I=1 S=2 B=0 C=0 Z=0]
[flat-dump] e[91] hash=0x0019a450 len=45 p10=0x3258cf3b0 vft=0x109f2bdc8 +8=00000003258cf3b0 +10=00000003259bcd10 +18=0000000000000000 +20=0000000000000000 +28=000000000003634a +30=0000000000000000 +38=0000000000000000 +40=0000002d0019a450 [asF: +8=2.445e-16 +10=2.703e-16 +18=0 +20=0 +28=3.111e-40 +30=0 +38=0 +40=2.355e-39]
[flat-dump] e[140] hash=0x0028f8ed len=39 p10=0x3258cf5c0 vft=0x109f2bdc8 +8=00000003258cf5c0 +10=00000003259bc688 +18=0000000000000000 +20=0000000000000000 +28=000000000003637b +30=0000000000000000 +38=0000000000000000 +40=000000270028f8ed [asF: +8=2.445e-16 +10=2.702e-16 +18=0 +20=0 +28=3.112e-40 +30=0 +38=0 +40=3.763e-39]
[flat-dump] e[279] hash=0x0053c4f7 len=45 p10=0x3258cfca0 vft=0x109f2bdc8 +8=00000003258cfca0 +10=00000003259bca40 +18=0000000000000000 +20=0000000000000000 +28=0000000000036406 +30=0000000000000000 +38=0000000000000000 +40=0000002d0053c4f7 [asF: +8=2.446e-16 +10=2.703e-16 +18=0 +20=0 +28=3.114e-40 +30=0 +38=0 +40=7.693e-39]
[flat-dump] type[13]: vft=0x109ec5250 freq=9 dominant=String [F=0 I=0 S=1 B=0 C=0 Z=0]
[flat-dump] e[8] hash=0x0000f1e8 len=32 p10=0x322d2ddb0 vft=0x109ec5250 +8=0000000322d2ddb0 +10=00000003259bbce0 +18=0000000000000000 +20=0000000000000000 +28=00000000000362f7 +30=0000000000000000 +38=0000000000000000 +40=000000200000f1e8 [asF: +8=5.716e-18 +10=2.702e-16 +18=0 +20=0 +28=3.11e-40 +30=0 +38=0 +40=8.678e-41]
[flat-dump] e[40] hash=0x0006e07a len=37 p10=0x322d2e130 vft=0x109ec5250 +8=0000000322d2e130 +10=00000003259bcf70 +18=0000000000000000 +20=0000000000000000 +28=0000000000036317 +30=0000000000000000 +38=0000000000000000 +40=000000250006e07a [asF: +8=5.716e-18 +10=2.703e-16 +18=0 +20=0 +28=3.111e-40 +30=0 +38=0 +40=6.315e-40]
[flat-dump] e[66] hash=0x0010c1da len=35 p10=0x322d2e520 vft=0x109ec5250 +8=0000000322d2e520 +10=00000003259bce98 +18=0000000000000000 +20=0000000000000000 +28=0000000000036331 +30=0000000000000000 +38=0000000000000000 +40=000000230010c1da [asF: +8=5.716e-18 +10=2.703e-16 +18=0 +20=0 +28=3.111e-40 +30=0 +38=0 +40=1.539e-39]
[flat-dump] type[14]: vft=0x109eb5e98 freq=7 dominant=Int32 [F=0 I=2 S=1 B=0 C=0 Z=0]
[flat-dump] e[47] hash=0x00099453 len=63 p10=0x32593ed50 vft=0x109eb5e98 +8=000000032593ed50 +10=00000003259bc0c8 +18=0000000000000000 +20=0000000000000000 +28=000000000003631e +30=0000000000000000 +38=0000000000000000 +40=0000003f00099453 [asF: +8=2.566e-16 +10=2.702e-16 +18=0 +20=0 +28=3.111e-40 +30=0 +38=0 +40=8.797e-40]
[flat-dump] e[99] hash=0x001bf749 len=64 p10=0x32593ef90 vft=0x109eb5e98 +8=000000032593ef90 +10=00000003259bcb10 +18=0000000000000000 +20=0000000000000000 +28=0000000000036352 +30=0000000000000000 +38=0000000000000000 +40=00000040001bf749 [asF: +8=2.566e-16 +10=2.703e-16 +18=0 +20=0 +28=3.111e-40 +30=0 +38=0 +40=2.568e-39]
[flat-dump] e[181] hash=0x00331b45 len=63 p10=0x32593f230 vft=0x109eb5e98 +8=000000032593f230 +10=00000003259bb4a8 +18=0000000000000000 +20=0000000000000000 +28=00000000000363a4 +30=0000000000000000 +38=0000000000000000 +40=0000003f00331b45 [asF: +8=2.566e-16 +10=2.701e-16 +18=0 +20=0 +28=3.113e-40 +30=0 +38=0 +40=4.693e-39]
[flat-dump] type[15]: vft=0x109f30348 freq=6 dominant=String [F=0 I=0 S=1 B=0 C=0 Z=0]
[flat-dump] e[25] hash=0x00039839 len=44 p10=0x31da88f30 vft=0x109f30348 +8=000000031da88f30 +10=00000003259bd008 +18=0000000000000000 +20=0000000000000000 +28=0000000000036308 +30=0000000000000000 +38=0000000000000000 +40=0000002c00039839 [asF: +8=4.462e-21 +10=2.703e-16 +18=0 +20=0 +28=3.11e-40 +30=0 +38=0 +40=3.301e-40]
[flat-dump] e[94] hash=0x001ad1ff len=43 p10=0x31da893b0 vft=0x109f30348 +8=000000031da893b0 +10=00000003259bccb8 +18=0000000000000000 +20=0000000000000000 +28=000000000003634d +30=0000000000000000 +38=0000000000000000 +40=0000002b001ad1ff [asF: +8=4.462e-21 +10=2.703e-16 +18=0 +20=0 +28=3.111e-40 +30=0 +38=0 +40=2.463e-39]
[flat-dump] e[315] hash=0x005fd53b len=29 p10=0x31da8a760 vft=0x109f30348 +8=000000031da8a760 +10=00000003259bd230 +18=0000000000000000 +20=0000000000000000 +28=000000000003642a +30=0000000000000000 +38=0000000000000000 +40=0000001d005fd53b [asF: +8=4.464e-21 +10=2.703e-16 +18=0 +20=0 +28=3.114e-40 +30=0 +38=0 +40=8.801e-39]
[flat-dump] type[16]: vft=0x109f20908 freq=6 dominant=String [F=0 I=0 S=1 B=0 C=0 Z=0]
[flat-dump] e[44] hash=0x0008be0b len=38 p10=0x3258cf040 vft=0x109f20908 +8=00000003258cf040 +10=00000003259bc108 +18=0000000000000000 +20=0000000000000000 +28=000000000003631b +30=0000000000000000 +38=0000000000000000 +40=000000260008be0b [asF: +8=2.445e-16 +10=2.702e-16 +18=0 +20=0 +28=3.111e-40 +30=0 +38=0 +40=8.029e-40]
[flat-dump] e[98] hash=0x001beb72 len=27 p10=0x3258cf460 vft=0x109f20908 +8=00000003258cf460 +10=00000003259bcc70 +18=0000000000000000 +20=0000000000000000 +28=0000000000036351 +30=0000000000000000 +38=0000000000000000 +40=0000001b001beb72 [asF: +8=2.445e-16 +10=2.703e-16 +18=0 +20=0 +28=3.111e-40 +30=0 +38=0 +40=2.564e-39]
[flat-dump] e[393] hash=0x00782d87 len=39 p10=0x31da30680 vft=0x109f20908 +8=000000031da30680 +10=00000003259bd4a0 +18=0000000000000000 +20=0000000000000000 +28=0000000000036478 +30=0000000000000000 +38=0000000000000000 +40=0000002700782d87 [asF: +8=4.315e-21 +10=2.703e-16 +18=0 +20=0 +28=3.115e-40 +30=0 +38=0 +40=1.104e-38]
[flat-dump] type[17]: vft=0x109ec3370 freq=6 dominant=String [F=0 I=0 S=2 B=0 C=0 Z=0]
[flat-dump] e[39] hash=0x0006992b len=47 p10=0x31da890e0 vft=0x109ec3370 +8=000000031da890e0 +10=00000003259bcf88 +18=0000000000000000 +20=0000000000000000 +28=0000000000036316 +30=0000000000000000 +38=0000000000000000 +40=0000002f0006992b [asF: +8=4.462e-21 +10=2.703e-16 +18=0 +20=0 +28=3.111e-40 +30=0 +38=0 +40=6.06e-40]
[flat-dump] e[169] hash=0x003086f4 len=48 p10=0x31da89c20 vft=0x109ec3370 +8=000000031da89c20 +10=00000003259bc2b8 +18=0000000000000000 +20=0000000000000000 +28=0000000000036398 +30=0000000000000000 +38=0000000000000000 +40=00000030003086f4 [asF: +8=4.463e-21 +10=2.702e-16 +18=0 +20=0 +28=3.112e-40 +30=0 +38=0 +40=4.457e-39]
[flat-dump] e[201] hash=0x0039f1c2 len=61 p10=0x31da89f80 vft=0x109ec3370 +8=000000031da89f80 +10=00000003259bc808 +18=0000000000000000 +20=0000000000000000 +28=00000000000363b8 +30=0000000000000000 +38=0000000000000000 +40=0000003d0039f1c2 [asF: +8=4.463e-21 +10=2.702e-16 +18=0 +20=0 +28=3.113e-40 +30=0 +38=0 +40=5.321e-39]
[flat-dump] type[18]: vft=0x109f2b1e8 freq=5 dominant=String [F=0 I=0 S=2 B=0 C=0 Z=0]
[flat-dump] e[58] hash=0x000cf31d len=22 p10=0x322d2e360 vft=0x109f2b1e8 +8=0000000322d2e360 +10=00000003259bbcb0 +18=0000000000000000 +20=0000000000000000 +28=0000000000036329 +30=0000000000000000 +38=0000000000000000 +40=00000016000cf31d [asF: +8=5.716e-18 +10=2.702e-16 +18=0 +20=0 +28=3.111e-40 +30=0 +38=0 +40=1.189e-39]
[flat-dump] e[107] hash=0x001e901c len=24 p10=0x322d2ea60 vft=0x109f2b1e8 +8=0000000322d2ea60 +10=00000003259bca18 +18=0000000000000000 +20=0000000000000000 +28=000000000003635a +30=0000000000000000 +38=0000000000000000 +40=00000018001e901c [asF: +8=5.717e-18 +10=2.703e-16 +18=0 +20=0 +28=3.111e-40 +30=0 +38=0 +40=2.807e-39]
[flat-dump] e[240] hash=0x0046f210 len=22 p10=0x322d2f8d0 vft=0x109f2b1e8 +8=0000000322d2f8d0 +10=00000003259bd100 +18=0000000000000000 +20=0000000000000000 +28=00000000000363df +30=0000000000000000 +38=0000000000000000 +40=000000160046f210 [asF: +8=5.718e-18 +10=2.703e-16 +18=0 +20=0 +28=3.113e-40 +30=0 +38=0 +40=6.515e-39]
[flat-dump] type[19]: vft=0x109f2a868 freq=5 dominant=String [F=0 I=0 S=4 B=0 C=0 Z=0]
[flat-dump] e[34] hash=0x0005dedf len=67 p10=0x322d6a4b0 vft=0x109f2a868 +8=0000000322d6a4b0 +10=00000003259bbfa8 +18=0000000000000000 +20=0000000000000000 +28=0000000000036311 +30=0000000000000000 +38=0000000000000000 +40=000000430005dedf [asF: +8=5.818e-18 +10=2.702e-16 +18=0 +20=0 +28=3.11e-40 +30=0 +38=0 +40=5.391e-40]
[flat-dump] e[41] hash=0x000767bf len=45 p10=0x322d6a550 vft=0x109f2a868 +8=0000000322d6a550 +10=00000003259bbfe0 +18=0000000000000000 +20=0000000000000000 +28=0000000000036318 +30=0000000000000000 +38=0000000000000000 +40=0000002d000767bf [asF: +8=5.818e-18 +10=2.702e-16 +18=0 +20=0 +28=3.111e-40 +30=0 +38=0 +40=6.801e-40]
[flat-dump] e[80] hash=0x001722bd len=66 p10=0x322d6a730 vft=0x109f2a868 +8=0000000322d6a730 +10=00000003259bc2a0 +18=0000000000000000 +20=0000000000000000 +28=000000000003633f +30=0000000000000000 +38=0000000000000000 +40=00000042001722bd [asF: +8=5.818e-18 +10=2.702e-16 +18=0 +20=0 +28=3.111e-40 +30=0 +38=0 +40=2.125e-39]
[flat-dump] type[20]: vft=0x109ef0340 freq=5 dominant=String [F=0 I=0 S=2 B=0 C=0 Z=0]
[flat-dump] e[68] hash=0x0011e3e2 len=47 p10=0x322d6a5f0 vft=0x109ef0340 +8=0000000322d6a5f0 +10=00000003259bc178 +18=0000000000000000 +20=0000000000000000 +28=0000000000036333 +30=0000000000000000 +38=0000000000000000 +40=0000002f0011e3e2 [asF: +8=5.818e-18 +10=2.702e-16 +18=0 +20=0 +28=3.111e-40 +30=0 +38=0 +40=1.643e-39]
[flat-dump] e[78] hash=0x001533de len=37 p10=0x322d6a690 vft=0x109ef0340 +8=0000000322d6a690 +10=00000003259bce00 +18=0000000000000000 +20=0000000000000000 +28=000000000003633d +30=0000000000000000 +38=0000000000000000 +40=00000025001533de [asF: +8=5.818e-18 +10=2.703e-16 +18=0 +20=0 +28=3.111e-40 +30=0 +38=0 +40=1.947e-39]
[flat-dump] e[197] hash=0x00382dcb len=47 p10=0x322d6ad70 vft=0x109ef0340 +8=0000000322d6ad70 +10=00000003259bc920 +18=0000000000000000 +20=0000000000000000 +28=00000000000363b4 +30=0000000000000000 +38=0000000000000000 +40=0000002f00382dcb [asF: +8=5.819e-18 +10=2.702e-16 +18=0 +20=0 +28=3.113e-40 +30=0 +38=0 +40=5.159e-39]
[flat-dump] type[21]: vft=0x109f246c8 freq=5 dominant=Unknown [F=0 I=0 S=0 B=0 C=0 Z=0]
[flat-dump] e[28] hash=0x00044422 len=48 p10=0x31da88fc0 vft=0x109f246c8 +8=000000031da88fc0 +10=00000003259bbd78 +18=0000000000000000 +20=0000000000000000 +28=000000000003630b +30=0000000000000000 +38=0000000000000000 +40=0000003000044422 [asF: +8=4.462e-21 +10=2.702e-16 +18=0 +20=0 +28=3.11e-40 +30=0 +38=0 +40=3.918e-40]
[flat-dump] e[30] hash=0x00046dbd len=50 p10=0x31da89050 vft=0x109f246c8 +8=000000031da89050 +10=00000003259bc148 +18=0000000000000000 +20=0000000000000000 +28=000000000003630d +30=0000000000000000 +38=0000000000000000 +40=0000003200046dbd [asF: +8=4.462e-21 +10=2.702e-16 +18=0 +20=0 +28=3.11e-40 +30=0 +38=0 +40=4.067e-40]
[flat-dump] e[211] hash=0x003e089e len=36 p10=0x31da8a1c0 vft=0x109f246c8 +8=000000031da8a1c0 +10=00000003259bc700 +18=0000000000000000 +20=0000000000000000 +28=00000000000363c2 +30=0000000000000000 +38=0000000000000000 +40=00000024003e089e [asF: +8=4.464e-21 +10=2.702e-16 +18=0 +20=0 +28=3.113e-40 +30=0 +38=0 +40=5.697e-39]
[flat-dump] type[22]: vft=0x109ebb1a0 freq=5 dominant=Int32 [F=0 I=2 S=1 B=0 C=0 Z=0]
[flat-dump] e[18] hash=0x000240f0 len=39 p10=0x322d57328 vft=0x109ebb1a0 +8=0000000322d57328 +10=00000003259bd0a0 +18=0000000000000000 +20=0000000000000000 +28=0000000000036301 +30=0000000000000000 +38=0000000000000000 +40=00000027000240f0 [asF: +8=5.786e-18 +10=2.703e-16 +18=0 +20=0 +28=3.11e-40 +30=0 +38=0 +40=2.07e-40]
[flat-dump] e[115] hash=0x0022293d len=41 p10=0x322d57508 vft=0x109ebb1a0 +8=0000000322d57508 +10=00000003259bb6d8 +18=0000000000000000 +20=0000000000000000 +28=0000000000036362 +30=0000000000000000 +38=0000000000000000 +40=000000290022293d [asF: +8=5.786e-18 +10=2.701e-16 +18=0 +20=0 +28=3.112e-40 +30=0 +38=0 +40=3.137e-39]
[flat-dump] e[126] hash=0x002491b5 len=33 p10=0x322d575f8 vft=0x109ebb1a0 +8=0000000322d575f8 +10=00000003259bca38 +18=0000000000000000 +20=0000000000000000 +28=000000000003636d +30=0000000000000000 +38=0000000000000000 +40=00000021002491b5 [asF: +8=5.786e-18 +10=2.703e-16 +18=0 +20=0 +28=3.112e-40 +30=0 +38=0 +40=3.358e-39]
[flat-dump] type[23]: vft=0x109ecd8f8 freq=5 dominant=Int32 [F=0 I=1 S=1 B=0 C=0 Z=0]
[flat-dump] e[53] hash=0x000b7256 len=37 p10=0x325835680 vft=0x109ecd8f8 +8=0000000325835680 +10=00000003259bcf28 +18=0000000000000000 +20=0000000000000000 +28=0000000000036324 +30=0000000000000000 +38=0000000000000000 +40=00000025000b7256 [asF: +8=2.278e-16 +10=2.703e-16 +18=0 +20=0 +28=3.111e-40 +30=0 +38=0 +40=1.051e-39]
[flat-dump] e[135] hash=0x0027e073 len=73 p10=0x325835880 vft=0x109ecd8f8 +8=0000000325835880 +10=00000003259bc4e8 +18=0000000000000000 +20=0000000000000000 +28=0000000000036376 +30=0000000000000000 +38=0000000000000000 +40=000000490027e073 [asF: +8=2.278e-16 +10=2.702e-16 +18=0 +20=0 +28=3.112e-40 +30=0 +38=0 +40=3.662e-39]
[flat-dump] e[228] hash=0x004294f9 len=54 p10=0x325835a80 vft=0x109ecd8f8 +8=0000000325835a80 +10=00000003259bb828 +18=0000000000000000 +20=0000000000000000 +28=00000000000363d3 +30=0000000000000000 +38=0000000000000000 +40=00000036004294f9 [asF: +8=2.279e-16 +10=2.701e-16 +18=0 +20=0 +28=3.113e-40 +30=0 +38=0 +40=6.115e-39]
[flat-dump] type[24]: vft=0x109ef7418 freq=5 dominant=Unknown [F=0 I=0 S=0 B=0 C=0 Z=0]
[flat-dump] e[20] hash=0x0002df00 len=24 p10=0x70018b2ca0 vft=0x109ef7418 +8=00000070018b2ca0 +10=00000003259bd080 +18=0000000000000000 +20=0000000000000000 +28=0000000000036303 +30=0000000000000000 +38=0000000000000000 +40=000000180002df00 [asF: +8=5.112e-38 +10=2.703e-16 +18=0 +20=0 +28=3.11e-40 +30=0 +38=0 +40=2.637e-40]
[flat-dump] e[105] hash=0x001e62f0 len=29 p10=0x7001cb6f50 vft=0x109ef7418 +8=0000007001cb6f50 +10=00000003259bc038 +18=0000000000000000 +20=0000000000000000 +28=0000000000036358 +30=0000000000000000 +38=0000000000000000 +40=0000001d001e62f0 [asF: +8=7.473e-38 +10=2.702e-16 +18=0 +20=0 +28=3.111e-40 +30=0 +38=0 +40=2.791e-39]
[flat-dump] e[243] hash=0x00480250 len=31 p10=0x701387f220 vft=0x109ef7418 +8=000000701387f220 +10=00000003259bcf48 +18=0000000000000000 +20=0000000000000000 +28=00000000000363e2 +30=0000000000000000 +38=0000000000000000 +40=0000001f00480250 [asF: +8=3.432e-27 +10=2.703e-16 +18=0 +20=0 +28=3.113e-40 +30=0 +38=0 +40=6.613e-39]
[flat-dump] type[25]: vft=0x109ef3dd0 freq=5 dominant=String [F=0 I=0 S=2 B=0 C=0 Z=0]
[flat-dump] e[108] hash=0x001f26b6 len=42 p10=0x322d2ead0 vft=0x109ef3dd0 +8=0000000322d2ead0 +10=00000003259bc9f0 +18=0000000000000000 +20=0000000000000000 +28=000000000003635b +30=0000000000000000 +38=0000000000000000 +40=0000002a001f26b6 [asF: +8=5.717e-18 +10=2.703e-16 +18=0 +20=0 +28=3.111e-40 +30=0 +38=0 +40=2.861e-39]
[flat-dump] e[239] hash=0x0046c912 len=42 p10=0x322d2f860 vft=0x109ef3dd0 +8=0000000322d2f860 +10=00000003259bd0c8 +18=0000000000000000 +20=0000000000000000 +28=00000000000363de +30=0000000000000000 +38=0000000000000000 +40=0000002a0046c912 [asF: +8=5.718e-18 +10=2.703e-16 +18=0 +20=0 +28=3.113e-40 +30=0 +38=0 +40=6.501e-39]
[flat-dump] e[272] hash=0x00506ec6 len=41 p10=0x322d2fd30 vft=0x109ef3dd0 +8=0000000322d2fd30 +10=00000003259bccd8 +18=0000000000000000 +20=0000000000000000 +28=00000000000363ff +30=0000000000000000 +38=0000000000000000 +40=0000002900506ec6 [asF: +8=5.719e-18 +10=2.703e-16 +18=0 +20=0 +28=3.114e-40 +30=0 +38=0 +40=7.387e-39]
[flat-dump] type[26]: vft=0x109ed6190 freq=5 dominant=Unknown [F=0 I=0 S=0 B=0 C=0 Z=1]
[flat-dump] e[10] hash=0x000155a9 len=47 p10=0x322d2de20 vft=0x109ed6190 +8=0000000322d2de20 +10=00000003259bbe48 +18=0000000000000000 +20=0000000000000000 +28=00000000000362f9 +30=0000000000000000 +38=0000000000000000 +40=0000002f000155a9 [asF: +8=5.716e-18 +10=2.702e-16 +18=0 +20=0 +28=3.11e-40 +30=0 +38=0 +40=1.226e-40]
[flat-dump] e[224] hash=0x0041e30e len=46 p10=0x322d2f710 vft=0x109ed6190 +8=0000000322d2f710 +10=00000003259bbc18 +18=0000000000000000 +20=0000000000000000 +28=00000000000363cf +30=0000000000000000 +38=0000000000000000 +40=0000002e0041e30e [asF: +8=5.718e-18 +10=2.702e-16 +18=0 +20=0 +28=3.113e-40 +30=0 +38=0 +40=6.051e-39]
[flat-dump] e[282] hash=0x00548156 len=40 p10=0x31da400c0 vft=0x109ed6190 +8=000000031da400c0 +10=00000003259bcb28 +18=0000000000000000 +20=0000000000000000 +28=0000000000036409 +30=0000000000000000 +38=0000000000000000 +40=0000002800548156 [asF: +8=4.341e-21 +10=2.703e-16 +18=0 +20=0 +28=3.114e-40 +30=0 +38=0 +40=7.761e-39]
[flat-dump] type[27]: vft=0x109f03898 freq=5 dominant=Int32 [F=0 I=2 S=0 B=0 C=0 Z=0]
[flat-dump] e[6] hash=0x0000a2a7 len=32 p10=0x31db5a238 vft=0x109f03898 +8=000000031db5a238 +10=00000003259bd0e0 +18=0000000000000000 +20=0000000000000000 +28=00000000000362f5 +30=0000000000000000 +38=0000000000000000 +40=000000200000a2a7 [asF: +8=4.808e-21 +10=2.703e-16 +18=0 +20=0 +28=3.11e-40 +30=0 +38=0 +40=5.835e-41]
[flat-dump] e[92] hash=0x001a2210 len=45 p10=0x31db5a2e8 vft=0x109f03898 +8=000000031db5a2e8 +10=00000003259bccd0 +18=0000000000000000 +20=0000000000000000 +28=000000000003634b +30=0000000000000000 +38=0000000000000000 +40=0000002d001a2210 [asF: +8=4.808e-21 +10=2.703e-16 +18=0 +20=0 +28=3.111e-40 +30=0 +38=0 +40=2.4e-39]
[flat-dump] e[141] hash=0x00294624 len=47 p10=0x31db5a3f0 vft=0x109f03898 +8=000000031db5a3f0 +10=00000003259bc618 +18=0000000000000000 +20=0000000000000000 +28=000000000003637c +30=0000000000000000 +38=0000000000000000 +40=0000002f00294624 [asF: +8=4.808e-21 +10=2.702e-16 +18=0 +20=0 +28=3.112e-40 +30=0 +38=0 +40=3.79e-39]
[flat-dump] type[28]: vft=0x109f02a58 freq=4 dominant=Unknown [F=0 I=0 S=0 B=0 C=0 Z=1]
[flat-dump] e[45] hash=0x000945c3 len=54 p10=0x322d2e210 vft=0x109f02a58 +8=0000000322d2e210 +10=00000003259bc090 +18=0000000000000000 +20=0000000000000000 +28=000000000003631c +30=0000000000000000 +38=0000000000000000 +40=00000036000945c3 [asF: +8=5.716e-18 +10=2.702e-16 +18=0 +20=0 +28=3.111e-40 +30=0 +38=0 +40=8.515e-40]
[flat-dump] e[97] hash=0x001baf7a len=63 p10=0x322d2e910 vft=0x109f02a58 +8=0000000322d2e910 +10=00000003259bcc88 +18=0000000000000000 +20=0000000000000000 +28=0000000000036350 +30=0000000000000000 +38=0000000000000000 +40=0000003f001baf7a [asF: +8=5.717e-18 +10=2.703e-16 +18=0 +20=0 +28=3.111e-40 +30=0 +38=0 +40=2.543e-39]
[flat-dump] e[168] hash=0x00304069 len=57 p10=0x322d2f0f0 vft=0x109f02a58 +8=0000000322d2f0f0 +10=00000003259bc320 +18=0000000000000000 +20=0000000000000000 +28=0000000000036397 +30=0000000000000000 +38=0000000000000000 +40=0000003900304069 [asF: +8=5.718e-18 +10=2.702e-16 +18=0 +20=0 +28=3.112e-40 +30=0 +38=0 +40=4.431e-39]
[flat-dump] type[29]: vft=0x109ee36b8 freq=4 dominant=Int32 [F=0 I=1 S=1 B=0 C=0 Z=1]
[flat-dump] e[125] hash=0x00243be6 len=54 p10=0x32593f0b0 vft=0x109ee36b8 +8=000000032593f0b0 +10=00000003259bcb00 +18=0000000000000000 +20=0000000000000000 +28=000000000003636c +30=0000000000000000 +38=0000000000000000 +40=0000003600243be6 [asF: +8=2.566e-16 +10=2.703e-16 +18=0 +20=0 +28=3.112e-40 +30=0 +38=0 +40=3.328e-39]
[flat-dump] e[189] hash=0x00359cb7 len=45 p10=0x32593f290 vft=0x109ee36b8 +8=000000032593f290 +10=00000003259bc810 +18=0000000000000000 +20=0000000000000000 +28=00000000000363ac +30=0000000000000000 +38=0000000000000000 +40=0000002d00359cb7 [asF: +8=2.566e-16 +10=2.702e-16 +18=0 +20=0 +28=3.113e-40 +30=0 +38=0 +40=4.923e-39]
[flat-dump] e[288] hash=0x00560f46 len=58 p10=0x32593f530 vft=0x109ee36b8 +8=000000032593f530 +10=00000003259bd158 +18=0000000000000000 +20=0000000000000000 +28=000000000003640f +30=0000000000000000 +38=0000000000000000 +40=0000003a00560f46 [asF: +8=2.567e-16 +10=2.703e-16 +18=0 +20=0 +28=3.114e-40 +30=0 +38=0 +40=7.903e-39]
[apply-trigger] after DumpFlatsSample
[name-vft] reading names from /Users/lucas_1/Programming/cp2077-mac-mods/build/src/red4ext-mac/../../../reference/tweakxl-data/record_names.txt
[name-vft] resolved 63699/63711 names (hits=63699 misses=12), 269 distinct vtables
[name-vft] === per-vtable record clusters (sample names reveal type) ===
[name-vft] vft=0x109eb65b8 freq=6891 samples=[AIQuickHackStatusEffect.RevealPosition_inline1, AttackModifier.ChopperMinTBH, AttackModifier.MinTBHModifier, AttackModifier.MinotaurHGMMinTBH, AttackModifier.SmartGunTBHModifier, Attacks.AirDropThermalDamageOverTime_inline0, Attacks.ChemicalDamageOverTime_inline0, Attacks.ChemicalProjectileCharged_inline0]
[name-vft] vft=0x109eba820 freq=6668 samples=[Character.AdamSmasher_Puppet_Photomode, Character.Afterlife_Barman, Character.AldecaldosFemale, Character.AldecaldosMale, Character.Alex_Puppet_Photomode, Character.Alt, Character.AltJohnny_Puppet_Photomode, Character.Alt_Puppet_Photomode]
[name-vft] vft=0x109f2bc98 freq=4835 samples=[Ammo.AmmoBase, Ammo.HandgunAmmo, Ammo.RifleAmmo, Ammo.ShotgunAmmo, Ammo.SniperRifleAmmo, Ammo.Special, Ammo.Standard, FunctionalTests.Base_Short_Scope_FunctionalTests]
[name-vft] vft=0x109ee81a0 freq=3494 samples=[AbilityActions.BerserkActivation, ActionSamples.GoToWeapon, ActionSamples.Reload, ActionSamples.ReloadInCover_Sample, ActionSamples.ReloadShotgun, ActionSamples.Reload_Sample, ActionSamples.SingleMeleeAttackCharge01, ActionSamples.SingleMeleeAttackCharge01RecoverMiss]
[name-vft] vft=0x109ef7418 freq=1997 samples=[Items.ArmoredOuterChestClothing, Items.Avg_10_Int_Netrunner_Face_1, Items.Avg_10_Int_Netrunner_Feet, Items.Avg_10_Int_Netrunner_Head, Items.Avg_10_Int_Netrunner_InnerToso, Items.Avg_10_Int_Netrunner_Legs, Items.Avg_10_Int_Netrunner_OuterTorso, Items.Balaclava]
[name-vft] vft=0x109ef4290 freq=1952 samples=[Ammo.AmmoLootTable, Ammo.HandgunAmmoLootTable, Ammo.RifleAmmoLootTable, Ammo.ShotgunAmmoLootTable, Ammo.SniperAmmoLootTable, Items.KnifeLootTable, Items.KnifeTypesLoot, Items.NeurotoxinKnifeLootTable]
[name-vft] vft=0x109f03898 freq=1870 samples=[AIQuickHackStatusEffect.NetrunnerStaticNoise_inline3, AIQuickHackStatusEffect.NetrunnerStaticNoise_inline4, Ability.CanUseOpticalCamoOda_inline5, Ability.CanUseOpticalCamoOda_inline6, Ability.CanUseOpticalCamoOda_inline7, Ability.CanUseOpticalCamoOda_inline8, Ability.CanUseOpticalCamo_inline11, Ability.CanUseOpticalCamo_inline12]
[name-vft] vft=0x109ef4fa0 freq=1822 samples=[FunctionalTests.Base_Overture_HighDamage_FunctionalTests, FunctionalTests.Preset_BaseLexington_FunctionalTests, FunctionalTests.Preset_Lexington_LowDamage_FunctionalTests, FunctionalTests.Preset_Satara_FunctionalTest, Items.AdvancedMantisBladesBase, Items.AdvancedMantisBladesChemicalEpic, Items.AdvancedMantisBladesChemicalEpicPlus, Items.AdvancedMantisBladesChemicalLegendary]
[name-vft] vft=0x109f15278 freq=1559 samples=[CyberwareAction.UseBloodPump, ItemAction.ConsumableDisassemble, ItemAction.Consume, ItemAction.Disassemble, ItemAction.Drink, ItemAction.Eat, ItemAction.GadgetDisassemble, ItemAction.JunkDisassemble]
[name-vft] vft=0x109ee6788 freq=1499 samples=[Vendors.BaseMoney, Vendors.CasinoCashierBaseMoney, Vendors.ClothingWare, Vendors.NetrunnerTrainer_EP1_inline0, Vendors.NetrunnerTrainer_EP1_inline1, Vendors.NetrunnerTrainer_EP1_inline10, Vendors.NetrunnerTrainer_EP1_inline2, Vendors.NetrunnerTrainer_EP1_inline3]
[name-vft] vft=0x109eb37a8 freq=1377 samples=[Vehicle.PlayerBike, Vehicle.PlayerCar, Vehicle.VehicleDroneCarrier, Vehicle.Vehicle_2w_Default, Vehicle.Vehicle_4w_Default, Vehicle.aldecado_archer_quartz_heat_3, Vehicle.aldecado_thorton_colby_heat_3, Vehicle.aldecado_thorton_galena_heat_1]
[name-vft] vft=0x109ec9d70 freq=1305 samples=[Items.PlasmaFxPackage_inline0, Items.PlasmaFxPackage_inline1, Items.PlasmaFxPackage_inline10, Items.PlasmaFxPackage_inline11, Items.PlasmaFxPackage_inline12, Items.PlasmaFxPackage_inline13, Items.PlasmaFxPackage_inline14, Items.PlasmaFxPackage_inline2]
[name-vft] vft=0x109ee6198 freq=1269 samples=[BaseStats.ADSSpeedPercentBonus, BaseStats.ADSSpeedPercentBonusModifierHelper, BaseStats.AccumulatedDoTDecayDelayOnChange, BaseStats.AccumulatedDoTDecayEnabled, BaseStats.AccumulatedDoTDecayEndThrehold, BaseStats.AccumulatedDoTDecayRate, BaseStats.AccumulatedDoTDecayStartDelay, BaseStats.AccumulatedDoTDecayStartThreshold]
[name-vft] vft=0x109ee9bc0 freq=1128 samples=[AIQuickHackStatusEffect.BaseBuffQuickhack, AIQuickHackStatusEffect.BuffCamo, AIQuickHackStatusEffect.BuffCapabilities, AIQuickHackStatusEffect.BuffDamageReduction, AIQuickHackStatusEffect.BuffICE, AIQuickHackStatusEffect.BuffLocomotion, AIQuickHackStatusEffect.BuffSturdiness, AIQuickHackStatusEffect.HackBlind]
[name-vft] vft=0x109ecd568 freq=1081 samples=[AIActionTarget.CombatTarget, AIActionTarget.CustomWorldPosition, AIActionTarget.FriendlyTarget, AIActionTarget.ObjectOfInterest, AIActionTarget.Player, AIActionTarget.PointOfInterest, AIActionTarget.StimTarget, AIActionTarget.TopThreat]
[name-vft] vft=0x109ed6190 freq=1023 samples=[AIQuickHack.HackCounter_Smasher_inline14, AIQuickHackStatusEffect.HackBurning_inline5, AIQuickHackStatusEffect.NetrunnerStaticNoise_inline0, AIQuickHackStatusEffect.NetrunnerStaticNoise_inline2, Ability.CanUseOpticalCamoOda_inline4, Ability.CanUseOpticalCamo_inline10, Ability.CanUseOpticalCamo_inline16, Ability.CanUseOpticalCamo_inline21]
[name-vft] vft=0x109ef05a0 freq=993 samples=[Ability.CanGuardBreak_inline5, Ability.HasToxicBlood_inline3, AdamSmasher.EMP_Shield_Rocket_Barrage_inline4, AdamSmasher.EMP_Shield_Rocket_Barrage_inline6, BaseStatusEffect.AirDrop_Burning_inline20, BaseStatusEffect.CarFood_inline4, BaseStatusEffect.CarFood_inline5, BaseStatusEffect.Cassidy_Swap_Buff_inline14]
[name-vft] vft=0x109eb7068 freq=944 samples=[Character.AldecaldosFemale_inline1, Character.AldecaldosMale_inline1, Character.AnimalsPrimaryHandgunPool, Character.AnimalsSMGPool, Character.AnimalsSecondaryHandgunPool, Character.AnimalsShotgunPool, Character.Arasaka2020RifleSMGPool, Character.ArasakaAssaultRiflePool]
[name-vft] vft=0x109eddf90 freq=894 samples=[AIQuickHack.HackCounter_Smasher_inline10, AIQuickHack.HackCounter_Smasher_inline13, AIQuickHackStatusEffect.HackDeathStaticNoise_inline3, Ability.HasElectricCoating_inline3, Ability.HasFireproofSkin_inline3, Ability.HasHealthMonitorBomb_inline7, Ability.HasICECounterHack_Smasher_inline5, Ability.HasToxicCleanser_inline3]
[name-vft] vft=0x109f153a8 freq=883 samples=[Items.ARSMGLMGMod1_Epic_Recipe, Items.ARSMGLMGMod1_Legendary_Recipe, Items.ARSMGLMGMod1_Rare_Recipe, Items.ARSMGLMGMod1_Uncommon_Recipe, Items.ARSMGLMGMod2_Epic_Recipe, Items.ARSMGLMGMod2_Legendary_Recipe, Items.ARSMGLMGMod2_Rare_Recipe, Items.ARSMGLMGMod2_Uncommon_Recipe]
[name-vft] vft=0x109eb3418 freq=672 samples=[Items.AntiVirus_inline4, Items.BerserkC1MK1_inline0, Items.BerserkC1MK2_inline0, Items.BerserkC1MK3_inline0, Items.BerserkC2MK1_inline0, Items.BerserkC2MK2_inline0, Items.BerserkC2MK3_inline0, Items.BerserkC2MK4_inline0]
[name-vft] vft=0x109ee9110 freq=630 samples=[Items.BladeModList_Slot1_inline0, Items.BladeModList_Slot1_inline1, Items.BladeModList_Slot1_inline10, Items.BladeModList_Slot1_inline11, Items.BladeModList_Slot1_inline2, Items.BladeModList_Slot1_inline3, Items.BladeModList_Slot1_inline4, Items.BladeModList_Slot1_inline5]
[name-vft] vft=0x109ec9520 freq=612 samples=[AttackModifier.AlliedDamage, AttackModifier.BaseAlliedDamage, AttackModifier.BaseBulletExplosionDamage, AttackModifier.ChemicalAlliedDamage, AttackModifier.ChemicalEnemyDamage, AttackModifier.DualShotgunMinTBH, AttackModifier.ElectricAlliedDamage, AttackModifier.ElectricEnemyDamage]
[name-vft] vft=0x109f02b88 freq=609 samples=[Attacks.BodySlamAttackAbstract, Attacks.BodySlamAttackLevel1, Attacks.BodySlamAttackLevel2, Attacks.BodySlamAttackLevel3, Attacks.ChimeraExplosion, Attacks.ChimeraMeleeExplosion, Attacks.ChimeraMeleeShockwave, Attacks.ChimeraMeleeShockwave02]
[name-vft] vft=0x109ecd8f8 freq=583 samples=[AdamSmasherBoss.NPCParryData, AdamSmasherBoss.ParryMeleeAttack01Definition_inline3, AnimalsBoss_Fists.AnimalsBossFistCombo01MeleeAttackLight01AttackData, AnimalsBoss_Fists.AnimalsBossFistCombo01MeleeAttackLight02AttackData, AnimalsBoss_Fists.AnimalsBossFistCombo01MeleeAttackLight03AttackData, AnimalsBoss_Fists.AnimalsBossFistCombo01MeleeAttackLight04AttackData, AnimalsBoss_Fists.AnimalsBossFistCombo02MeleeAttackLight01AttackData, AnimalsBoss_Fists.AnimalsBossFis
[name-vft] vft=0x109f247f8 freq=554 samples=[AnimalsBoss_Fists.KerenzikovDodgeCompositeSelector, AnimalsBoss_Fists.PatternSequence01, AnimalsBoss_Fists.PatternSequence02, AnimalsBoss_Hammer.KerenzikovDodgeCompositeSelector, CorpoNetrunner.ShootingSpotBehaviorComposite, CorpoNetrunner.WeaponHandlingComposite, Corpo_Fists.DeflectReactionCompositeSelectorDefinition, Corpo_Fists.DodgeAfterHitReactionCompositeSelectorDefinition]
[name-vft] vft=0x109efbc20 freq=515 samples=[ArchetypeData.AndroidRangedT2, ArchetypeData.FastMeleeT2, ArchetypeData.FastMeleeT3, ArchetypeData.FastRangedT2, ArchetypeData.FastRangedT3, ArchetypeData.FastShotgunnerT2, ArchetypeData.FastShotgunnerT3, ArchetypeData.FastSniperT3]
[name-vft] vft=0x109ec48d0 freq=510 samples=[CityFluffScreens.City_bls_idy_highway_welcome_10x1, CityFluffScreens.City_bls_idy_highway_welcome_10x3, CityFluffScreens.City_bls_idy_highway_welcome_12x1, CityFluffScreens.City_bls_idy_highway_welcome_1x1, CityFluffScreens.City_bls_idy_highway_welcome_20x3, CityFluffScreens.City_bls_idy_highway_welcome_21x9, CityFluffScreens.City_bls_idy_highway_welcome_34x1, CityFluffScreens.City_bls_idy_highway_welcome_4x1]
[name-vft] vft=0x109eda068 freq=507 samples=[Interactions.ActionDemolition, Interactions.ActionEngineering, Interactions.ActionHacking, Interactions.ActionJuryRig, Interactions.Activate, Interactions.ActivateCover, Interactions.AdamSmasherRipInteraction, Interactions.AmbientSounds]
[name-vft] vft=0x109ef0470 freq=507 samples=[Ability.CanGuardBreak_inline4, Ability.HasToxicBlood_inline2, AdamSmasher.EMP_Shield_Rocket_Barrage_inline3, AdamSmasher.EMP_Shield_Rocket_Barrage_inline5, BaseStatusEffect.AirDrop_Burning_inline19, BaseStatusEffect.CarFood_inline3, BaseStatusEffect.Cassidy_Swap_Buff_inline13, BaseStatusEffect.ChimeraMeleeMod_BladeDismembers_inline11]
[name-vft] vft=0x109f02a58 freq=507 samples=[ArchetypeType.AndroidRangedT2, ArchetypeType.FastMeleeT2, ArchetypeType.FastMeleeT3, ArchetypeType.FastRangedT2, ArchetypeType.FastRangedT3, ArchetypeType.FastShotgunnerT2, ArchetypeType.FastShotgunnerT3, ArchetypeType.FastSniperT3]
[name-vft] vft=0x109f0a210 freq=489 samples=[AIQuickHack.AIHackDeath, AIQuickHack.AIQuickHack, AIQuickHack.BuffCamo, AIQuickHack.BuffICE, AIQuickHack.HackBlind, AIQuickHack.HackBlind_Hard, AIQuickHack.HackBlind_VeryHard, AIQuickHack.HackBlind_Wagner]
[name-vft] vft=0x109ef0340 freq=444 samples=[Items.AdvancedBerserkAbilityUIData, Items.AdvancedBiomonitorCommonPlus_inline4, Items.AdvancedBiomonitorCommon_inline4, Items.AdvancedBiomonitorEpicPlus_inline4, Items.AdvancedBiomonitorEpic_inline4, Items.AdvancedBiomonitorLegendaryPlusPlus_inline4, Items.AdvancedBiomonitorLegendaryPlus_inline4, Items.AdvancedBiomonitorLegendary_inline4]
[name-vft] vft=0x109f19768 freq=439 samples=[ArasakaWaterfront.ArasakaWaterfront, ArasakaWaterfront.CaliforniaAve, ArasakaWaterfront.DrakeAve, ArasakaWaterfront.EisenhowerSt, ArasakaWaterfront.FletcherSt, ArasakaWaterfront.GoldsmithSt, ArasakaWaterfront.HarborNorth, ArasakaWaterfront.HarborSouth]
[name-vft] vft=0x109eefd50 freq=433 samples=[AdamSmasher.AdamSmasherStealthDotDamage, Attacks.AccumulatedDoTTick, Attacks.AirDropThermalDamageOverTime, Attacks.AndroidDeathExplosion, Attacks.BarbedWire, Attacks.BarbedWireElectric, Attacks.BarbedWireNoEntity, Attacks.BaseBiotechExplosion]
[name-vft] vft=0x109f21d38 freq=423 samples=[Camera.VehicleTPP_2w_Preset_High_Close, Camera.VehicleTPP_2w_Preset_High_DriverCombatClose, Camera.VehicleTPP_2w_Preset_High_DriverCombatFar, Camera.VehicleTPP_2w_Preset_High_DriverCombatMedium, Camera.VehicleTPP_2w_Preset_High_Far, Camera.VehicleTPP_2w_Preset_High_Medium, Camera.VehicleTPP_2w_Preset_Low_Close, Camera.VehicleTPP_2w_Preset_Low_DriverCombatClose]
[name-vft] vft=0x109f1f4d8 freq=422 samples=[Condition.AdamEmergency, Condition.AdamInCEOFloor, Condition.AdamPhase1, Condition.AdamPhase2, Condition.AdamPhase3, Condition.AdamSmashed, Condition.AdamSmasherCounterState, Condition.AdamSmasherDestroyedPlate]
[name-vft] vft=0x109f2a998 freq=416 samples=[CombatDecorator.CoverPresetDecoratorSelector, CorpoAndroid.CommandForceShootSelector, CorpoAndroid.CoverPresetDecoratorSelector, CorpoAndroid.RingSelector, CorpoAndroid.ShootSelector, CorpoAndroid.SimpleRingSelector, CorpoAndroid.StrafeSelector, CorpoAndroid_Sniper.CoverCommandForceShootSelector]
[name-vft] vft=0x109ed55b0 freq=400 samples=[Ability.CanCauseBurn_inline1, Ability.CanCauseBurn_inline5, Ability.CanCauseElectrocution_inline1, Ability.CanCauseElectrocution_inline5, Ability.CanCausePoison_inline1, Ability.CanCausePoison_inline5, Ability.DealsChemicalDamage_inline1, Ability.DealsChemicalDamage_inline4]
[name-vft] vft=0x109ebb1a0 freq=397 samples=[Items.Base_Achilles_NPC_Data, Items.Base_Achilles_Nusa_NPC_Data, Items.Base_Achilles_inline10, Items.Base_Ajax_NPC_Data, Items.Base_Ajax_inline1, Items.Base_Ashura_NPC_Data, Items.Base_Ashura_inline9, Items.Base_Assault_Rifle_NPC_Data]
[name-vft] === targeted record byte dumps (find the Float slot) ===
[record-dump] === 'BaseStats.ADSSpeedPercentBonus' (hash=0x3744c308) p10=0x31b7c74c0 vft=0x109ee6198 ===
[record-dump]   +0x00 = 0000000109ee6198 000000031b7c74c0 | asF: 5.73882e-33 2.08827e-22 | asI: 166617496 461141184
[record-dump]   +0x10 = 000000031b77de60 0000000000000000 | asF: 2.05032e-22 0 | asI: 460840544 0
[record-dump]   +0x20 = 0000000000000000 0000000000040579 | asF: 0 3.69305e-40 | asI: 0 263545
[record-dump]   +0x30 = 0000000000000000 0000000000000000 | asF: 0 0 | asI: 0 0
[record-dump]   +0x40 = 0000001e3744c308 08000033e0d52aa2 | asF: 1.17279e-05 -1.22882e+20 | asI: 927253256 -522900830
[record-dump]   +0x50 = 43d654b400000000 0000000008000033 | asF: 0 3.85188e-34 | asI: 0 134217779
[record-dump]   +0x60 = c0150027ec6a71e1 b041710000000000 | asF: -1.13371e+27 0 | asI: -328568351 0
[record-dump]   +0x70 = 00000000a890012a f078032c99ad4865 | asF: -1.59877e-14 -1.7917e-23 | asI: -1466957526 -1716696987
[record-dump] === 'BaseStats.AccumulatedDoTDecayRate' (hash=0x30bcf5ba) p10=0x31b7c2240 vft=0x109ee6198 ===
[record-dump]   +0x00 = 0000000109ee6198 000000031b7c2240 | asF: 5.73882e-33 2.0856e-22 | asI: 166617496 461120064
[record-dump]   +0x10 = 000000031b7746c0 0000000000000000 | asF: 2.04542e-22 0 | asI: 460801728 0
[record-dump]   +0x20 = 0000000000000000 000000000003f285 | asF: 0 3.62506e-40 | asI: 0 258693
[record-dump]   +0x30 = 0000000000000000 0000000000000000 | asF: 0 0 | asI: 0 0
[record-dump]   +0x40 = 0000002130bcf5ba 080000369ec78934 | asF: 1.37486e-09 -2.11267e-20 | asI: 817690042 -1631090380
[record-dump]   +0x50 = 3dc4f72200000000 0000000008000036 | asF: 0 3.85188e-34 | asI: 0 134217782
[record-dump]   +0x60 = f823002a83ce8706 8fb1968000000000 | asF: -1.21386e-36 0 | asI: -2083617018 0
[record-dump]   +0x70 = 000000000800002d 0800002f9c409805 | asF: 3.85188e-34 -6.3724e-22 | asI: 134217773 -1673488379
[record-dump] === 'BaseStats.AccumulatedDoTDecayStartDelay' (hash=0x43f5bc75) p10=0x31b7ceb80 vft=0x109ee6198 ===
[record-dump]   +0x00 = 0000000109ee6198 000000031b7ceb80 | asF: 5.73882e-33 2.0921e-22 | asI: 166617496 461171584
[record-dump]   +0x10 = 000000031b520a08 0000000000000000 | asF: 1.7374e-22 0 | asI: 458361352 0
[record-dump]   +0x20 = 0000000000000000 0000000000042ad8 | asF: 0 3.82711e-40 | asI: 0 273112
[record-dump]   +0x30 = 0000000000000000 0000000000000000 | asF: 0 0 | asI: 0 0
[record-dump]   +0x40 = 0000002743f5bc75 0800003c6961a375 | asF: 491.472 1.70488e+25 | asI: 1140178037 1768006517
[record-dump]   +0x50 = ca62dd6300000000 000000000800003c | asF: 0 3.85189e-34 | asI: 0 134217788
[record-dump]   +0x60 = 202400308e47dd9c ab0525f100000000 | asF: -2.46353e-30 0 | asI: -1907892836 0
[record-dump]   +0x70 = 0000000008000033 08000035f80c1630 | asF: 3.85188e-34 -1.13652e+34 | asI: 134217779 -133425616
[record-dump] === 'AttackModifier.ChopperMinTBH' (hash=0xaf67970d) p10=0x31a9a2ac0 vft=0x109eb65b8 ===
[record-dump]   +0x00 = 0000000109eb65b8 000000031a9a2ac0 | asF: 5.66698e-33 6.3762e-23 | asI: 166421944 446311104
[record-dump]   +0x10 = 000000031aadf658 0000000000000000 | asF: 7.19491e-23 0 | asI: 447608408 0
[record-dump]   +0x20 = 0000000000000000 0000000000056800 | asF: 0 4.96486e-40 | asI: 0 354304
[record-dump]   +0x30 = 0000000000000000 0000000000000000 | asF: 0 0 | asI: 0 0
[record-dump]   +0x40 = 0000001caf67970d 80d0342526c119c0 | asF: -2.1063e-10 1.3399e-15 | asI: -1352165619 650189248
[record-dump]   +0x50 = bb0fee6700000100 00000100b0922c29 | asF: 3.58732e-43 -1.06354e-09 | asI: 256 -1332597719
[record-dump]   +0x60 = d0414022fc5c57f5 0000000000000100 | asF: -4.57636e+36 3.58732e-43 | asI: -61057035 256
[record-dump]   +0x70 = 0000000109eb65b8 000000031a9a2b30 | asF: 5.66698e-33 6.37627e-23 | asI: 166421944 446311216
[record-dump] === 'AttackModifier.AlliedDamage' (hash=0x4431818c) p10=0x31b512570 vft=0x109ec9520 ===
[record-dump]   +0x00 = 0000000109ec9520 000000031b512570 | asF: 5.69552e-33 1.73002e-22 | asI: 166499616 458302832
[record-dump]   +0x10 = 000000031b521018 0000000000000000 | asF: 1.7376e-22 0 | asI: 458362904 0
[record-dump]   +0x20 = 0000000000000000 0000000000042b9a | asF: 0 3.82983e-40 | asI: 0 273306
[record-dump]   +0x30 = 0000000000000000 0000000000000000 | asF: 0 0 | asI: 0 0
[record-dump]   +0x40 = 0000001b4431818c d0af2f24d1bd02ac | asF: 710.024 -1.01474e+11 | asI: 1144095116 -776142164
[record-dump]   +0x50 = 7adfbb0800000100 00000100b0922c28 | asF: 3.58732e-43 -1.06354e-09 | asI: 256 -1332597720
[record-dump]   +0x60 = d0af2f23550ca65a 76d1973500000100 | asF: 9.66538e+12 3.58732e-43 | asI: 1426892378 256
[record-dump]   +0x70 = 0000010070642e25 202d2e2496122d4c | asF: 2.82473e+29 -1.18081e-25 | asI: 1885613605 -1777193652
[record-dump] === 'Attacks.BodySlamAttackLevel1' (hash=0x786decdf) p10=0x7013aacc20 vft=0x109f02b88 ===
[record-dump]   +0x00 = 0000000109f02b88 0000007013aacc20 | asF: 5.78188e-33 4.31153e-27 | asI: 166734728 329960480
[record-dump]   +0x10 = 000000031b06e318 0000000000000000 | asF: 1.11576e-22 0 | asI: 453436184 0
[record-dump]   +0x20 = 0000000000000000 000000000004c5cf | asF: 0 4.38302e-40 | asI: 0 312783
[record-dump]   +0x30 = 0000000000000000 0000000000000000 | asF: 0 0 | asI: 0 0
[record-dump]   +0x40 = 0000001c786decdf 08000029f75a119e | asF: 1.93028e+34 -4.42296e+33 | asI: 2020469983 -145092194
[record-dump]   +0x50 = 603d2b6b00000000 00000000d0af2f27 | asF: 0 -2.35128e+10 | asI: 0 -793825497
[record-dump]   +0x60 = d0a6302727163166 2f2c508e00000000 | asF: 2.08435e-15 0 | asI: 655765862 0
[record-dump]   +0x70 = 000000000875122a b81e12253f9e359c | asF: 7.37484e-34 1.23601 | asI: 141890090 1067333020
[record-dump] === 'Vehicle.PlayerCar' (hash=0xf2b18b3f) p10=0x7020040c10 vft=0x109eb37a8 ===
[record-dump]   +0x00 = 0000000109eb37a8 0000007020040c10 | asF: 5.66265e-33 1.11848e-19 | asI: 166410152 537136144
[record-dump]   +0x10 = 000000031a2a2810 0000000000000000 | asF: 3.51875e-23 0 | asI: 438970384 0
[record-dump]   +0x20 = 0000000000000000 0000000000062dea | asF: 0 5.67484e-40 | asI: 0 404970
[record-dump]   +0x30 = 0000000000000000 0000000000000000 | asF: 0 0 | asI: 0 0
[record-dump]   +0x40 = 00000011f2b18b3f 480815243467f2c4 | asF: -7.03324e+30 2.16019e-07 | asI: -223245505 879227588
[record-dump]   +0x50 = 3b35e6a300000000 000000000875121b | asF: 0 7.37483e-34 | asI: 0 141890075
[record-dump]   +0x60 = 08731d1b628429a9 a19a5bea00000000 | asF: 1.21899e+21 0 | asI: 1652828585 0
[record-dump]   +0x70 = 000000003036171f 0875121b71f9731a | asF: 6.62441e-10 2.47043e+30 | asI: 808851231 1912173338
[record-dump] === 'Items.Preset_Lexington_Military' (hash=0xc0935673) p10=0x701da421b0 vft=0x109ef4fa0 ===
[record-dump]   +0x00 = 0000000109ef4fa0 000000701da421b0 | asF: 5.7612e-33 4.34453e-21 | asI: 166678432 497295792
[record-dump]   +0x10 = 000000031a888b28 0000000000000000 | asF: 5.64731e-23 0 | asI: 445156136 0
[record-dump]   +0x20 = 0000000000000000 0000000000059a84 | asF: 0 5.14607e-40 | asI: 0 367236
[record-dump]   +0x30 = 0000000000000000 0000000000000000 | asF: 0 0 | asI: 0 0
[record-dump]   +0x40 = 0000001fc0935673 a82d2932dc6fc924 | asF: -4.6043 -2.69975e+17 | asI: -1064085901 -596653788
[record-dump]   +0x50 = de5476b300000000 0000000008751229 | asF: 0 7.37484e-34 | asI: 0 141890089
[record-dump]   +0x60 = 0875122987e5b9b9 a016f89400000000 | asF: -3.45652e-34 0 | asI: -2014987847 0
[record-dump]   +0x70 = 000000008871292d 087512299498e30a | asF: -7.25717e-34 -1.54376e-26 | asI: -2005849811 -1801919734
[apply-trigger] after MapNamesToVftables
[cinema] skipped (set TWEAKXL_CINEMA_NAME + TWEAKXL_CINEMA_VALUE to fire)
[apply-trigger] after CinemaMutateStat
[cinema-bulk] skipped (set TWEAKXL_CINEMA_BULK=1 to enable)
[apply-trigger] after CinemaBulkMutateStats
[scan] skipped (set TWEAKXL_SCAN_FLOAT_A=<float> to enable)
[apply-trigger] after ScanMemoryForFloat
[unleash] factor=30 range=[5,200] scan=+0x48..+0x100 repeat=2s filter='Damage'
[unleash] scanned 595 named records (matched 595 in DB), built 154 mutation targets
[unleash]   sample[0] @0x31b674088 before=64.5002 new=1935.01
[unleash]   sample[1] @0x31b6740c8 before=5.69375 new=170.812
[unleash]   sample[2] @0x31b3f3e00 before=81.3952 new=2441.86
[unleash]   sample[3] @0x31b62f3a4 before=24.1024 new=723.073
[unleash]   sample[4] @0x31ab451bc before=52.674 new=1580.22
[unleash]   sample[5] @0x31aab5360 before=135.316 new=4059.49
[unleash]   sample[6] @0x31aabc9a4 before=18.0364 new=541.093
[unleash]   sample[7] @0x322cba3e8 before=32.0841 new=962.522
[unleash]   sample[8] @0x31a1bab98 before=11.0712 new=332.137
[unleash]   sample[9] @0x31aabc0ec before=38.8601 new=1165.8
[unleash] PASS#1: wrote 154 of 154 targets
[unleash] re-apply thread started (every 2s)
[apply-trigger] after CinemaUnleash
[apply-trigger] system callbacks done; user mods can apply now
[tweakxl] mods dir: /Users/lucas_1/Library/Application Support/Steam/steamapps/common/Cyberpunk 2077/r6/tweaks
[tweakxl] mods dir not found / not a directory — nothing to apply
[tweakxl] mods scanned: 0 (yaml=0, tweak=0)
[unleash] re-apply pass#10: 154/154
[unleash] re-apply pass#20: 154/154
[unleash] re-apply pass#30: 154/154
May 29 17:23:13  Cyberpunk2077[33439] <Error>: GameServicesSteam::RequestEncryptedAppTicket: Steam user is not logged in, encryption ticket request failed.
May 29 17:23:19  Cyberpunk2077[33439] <Error>: GameServicesSteam::OnSetRichPresence: Failed to set status 'InGameGeneric'
[unleash] re-apply pass#40: 154/154
[unleash] re-apply pass#50: 154/154
May 29 17:24:02  Cyberpunk2077[33439] <Error>: GameServicesSteam::OnSetRichPresence: Failed to set status 'InGameMenu'
[unleash] re-apply pass#60: 154/154
[unleash] re-apply pass#70: 154/154
[unleash] re-apply pass#80: 154/154
[unleash] re-apply pass#90: 154/154
[unleash] re-apply pass#100: 154/154
[unleash] re-apply pass#110: 154/154
[unleash] re-apply pass#120: 154/154
[unleash] re-apply pass#130: 154/154
[unleash] re-apply pass#140: 154/154
[unleash] re-apply pass#150: 154/154
[unleash] re-apply pass#160: 154/154
[unleash] re-apply pass#170: 154/154
[unleash] re-apply pass#180: 154/154
[unleash] re-apply pass#190: 154/154
[unleash] re-apply pass#200: 154/154
[unleash] re-apply pass#210: 154/154
[unleash] re-apply pass#220: 154/154
[unleash] re-apply pass#230: 154/154
[unleash] re-apply pass#240: 154/154
[unleash] re-apply pass#250: 154/154
[unleash] re-apply pass#260: 154/154
[unleash] re-apply pass#270: 154/154
[unleash] re-apply pass#280: 154/154
[unleash] re-apply pass#290: 154/154
[unleash] re-apply pass#300: 154/154
[unleash] re-apply pass#310: 154/154
[unleash] re-apply pass#320: 154/154
[unleash] re-apply pass#330: 154/154
[unleash] re-apply pass#340: 154/154
[unleash] re-apply pass#350: 154/154
[unleash] re-apply pass#360: 154/154
[unleash] re-apply pass#370: 154/154
[unleash] re-apply pass#380: 154/154
[unleash] re-apply pass#390: 154/154
[unleash] re-apply pass#400: 154/154
[unleash] re-apply pass#410: 154/154
[unleash] re-apply pass#420: 154/154
[unleash] re-apply pass#430: 154/154
[unleash] re-apply pass#440: 154/154
[unleash] re-apply pass#450: 154/154
[unleash] re-apply pass#460: 154/154
[unleash] re-apply pass#470: 154/154
[unleash] re-apply pass#480: 154/154
[unleash] re-apply pass#490: 154/154
[unleash] re-apply pass#500: 154/154
[unleash] re-apply pass#510: 154/154
[unleash] re-apply pass#520: 154/154
[unleash] re-apply pass#530: 154/154
[unleash] re-apply pass#540: 154/154
[unleash] re-apply pass#550: 154/154
[unleash] re-apply pass#560: 154/154
[unleash] re-apply pass#570: 154/154
[unleash] re-apply pass#580: 154/154
[unleash] re-apply pass#590: 154/154
[unleash] re-apply pass#600: 154/154
[unleash] re-apply pass#610: 154/154
[unleash] re-apply pass#620: 154/154
[unleash] re-apply pass#630: 154/154
[unleash] re-apply pass#640: 154/154
[unleash] re-apply pass#650: 154/154
[unleash] re-apply pass#660: 154/154
[unleash] re-apply pass#670: 154/154
[unleash] re-apply pass#680: 154/154
[unleash] re-apply pass#690: 154/154
[unleash] re-apply pass#700: 154/154
[unleash] re-apply pass#710: 154/154
[unleash] re-apply pass#720: 154/154
[unleash] re-apply pass#730: 154/154
[unleash] re-apply pass#740: 154/154
[unleash] re-apply pass#750: 154/154
[unleash] re-apply pass#760: 154/154
