[red4ext-mac] loader init 2026-05-29T14:43:24, base=0x10014c000 slide=0x14c000
[singleton-access] initial poll: 0x0 (null — expected at load time; DB built later)
[apply-trigger] polling thread started (interval=50ms, stable-threshold=3 polls, timeout=300000ms)
[tweakxl] plugin orchestrator init
[apply-trigger] singleton non-null at poll 60 (TweakDB=0x3222404a0)
[apply-trigger] count stable at 843 after 3 consecutive polls
[apply-trigger] firing callbacks (db=0x3222404a0, poll #85)
[apply-trigger] callback batch snapshot: size=2 fired=0
[apply-trigger] lambda entered (db=0x3222404a0)
[tweakdb] H-008 verification: mapA(+0x58).count=193354 mapC(+0x108).count=10 verdict=flats-is-A
[tweakdb] H-008 raw: mapA{@08=193354,@0c=193354} records{@08=843,@0c=843} mapC{@08=10,@0c=13} (F-015 lists mapC.count@0c=+0x114; F-012/F-019 use @08)
[tweakdb] state: records.count=843 valueBufferSize=4291664
[apply-trigger] after VerifyH008
[hashmap] hash-function: fnv1a-8B stored=0x9a1fa82f computed=0x9a1fa82f key=<TweakDBID(0x081122e0,len=1,off=0x000000)> bucket=1/843
[hashmap] lookup-test: pass key=<TweakDBID(0x081122e0,len=1)> entry=0x702052bc50 expected=0x702052bc50
[apply-trigger] after VerifyHashFunction
[flat-layout] flats: count=193354 stride=0x20 bufferBase=0x7164e8000 bufferSize=4291664
[flat-layout] sample[0]: hash=0xce8348b9 key=<TweakDBID(0xce8348b9,len=39,off=0x000000)> viaTdb.vft=0x0 viaTdb.raw32=0x00000000 asI32=0 asF32=0 entry+0x10.i32=442359088 ptr@0x10=0x31a5ddd30 ptr@0x18=0x319ff0cc0
[flat-layout] sample[1]: hash=0x8ccf59c9 key=<TweakDBID(0x8ccf59c9,len=43,off=0x000000)> viaTdb.vft=0x0 viaTdb.raw32=0x00000000 asI32=0 asF32=0 entry+0x10.i32=443845248 ptr@0x10=0x31a748a80 ptr@0x18=0x31a6f00e8
[flat-layout] sample[2]: hash=0x5bd16bfd key=<TweakDBID(0x5bd16bfd,len=28,off=0x000000)> viaTdb.vft=0x0 viaTdb.raw32=0x00000000 asI32=0 asF32=0 entry+0x10.i32=449322288 ptr@0x10=0x31ac81d30 ptr@0x18=0x31acc7248
[flat-layout] sample[3]: hash=0x3dbd038a key=<TweakDBID(0x3dbd038a,len=49,off=0x000000)> viaTdb.vft=0x0 viaTdb.raw32=0x00000000 asI32=0 asF32=0 entry+0x10.i32=452911744 ptr@0x10=0x31afee280 ptr@0x18=0x31b03aac8
[flat-layout] sample[4]: hash=0xa1d4c90d key=<TweakDBID(0xa1d4c90d,len=52,off=0x000000)> viaTdb.vft=0x0 viaTdb.raw32=0x00000000 asI32=0 asF32=0 entry+0x10.i32=441402128 ptr@0x10=0x31a4f4310 ptr@0x18=0x31a5ef050
[flat-layout] sample[5]: hash=0x23a86068 key=<TweakDBID(0x23a86068,len=39,off=0x000000)> viaTdb.vft=0x0 viaTdb.raw32=0x00000000 asI32=0 asF32=0 entry+0x10.i32=455426112 ptr@0x10=0x31b254040 ptr@0x18=0x31b2947b0
[flat-layout] verdict: flatValue-ptr-at-entry type-tag-offset:+0x00(vft) value-data-offset:+0x8 buffer-offset-source:entry-ptr tally{tdb=0 ptr@0x18=6 ptr@0x10=6 entryOff=0}/6
[hashmap] flats-map hash-function: nameHash-direct stored=0xce8348b9 fnv8=0x0ee3fa46 fnv5=0x33c7bd12 crc8=0x289b8eb0 name=0xce8348b9
[flat-rw] read id=<TweakDBID(0xce8348b9,len=39)> found=yes raw=0x00000002
[flat-write] id=<TweakDBID(0xce8348b9,len=39)> type=Int32 @0x319ff0cc8 old=0x00000002 new=0x00000003 width=4 verify=ok
[flat-rw] write id=<0xce8348b9> old=0x00000002 new=0x00000003 result=ok reread=0x00000003 match=yes
[flat-write] id=<TweakDBID(0xce8348b9,len=39)> type=Int32 @0x319ff0cc8 old=0x00000003 new=0x00000002 width=4 verify=ok
[flat-rw] restore old=0x00000002 result=ok
[flat-rw] verdict: pass
[apply-trigger] after VerifyFlatEntry
[flat-probe] preflight-self(records): storedKey=0x00000001081122e0 fullKeyLookup=HIT compactRebuildLookup=HIT
[flat-probe] preflight-self(flats): storedKey=0x00000027ce8348b9 fullKeyLookup=HIT compactRebuildLookup=HIT
[flat-probe] preflight: records-map lookup of 'Items.Preset_Nova_Default' (hash=0xb1e27e8e) -> MISS
[flat-probe] NOTE: 'Items.Preset_Nova_Default' absent from records map (records path verified). Flats lookup path IS verified (self-test compact HIT) — candidate MISSes are trustworthy.
[flat-probe] candidates file: $HOME/Programming/cp2077-mac-mods/tools/probes/candidate_flats.txt (source=TWEAKXL_CANDIDATES_FILE)
[flat-probe] MISS name=Items.Preset_Nova_Default.weaponNearPlane hash=0x953d2276
[flat-probe] MISS name=Items.Preset_Nova_Default.weaponFarPlane hash=0x3684a671
[flat-probe] MISS name=Items.Preset_Nova_Default.weaponVignetteIntensity hash=0x625e1374
[flat-probe] MISS name=Items.Preset_Nova_Default.weaponVignetteRadius hash=0x643b7390
[flat-probe] MISS name=Items.Preset_Nova_Default.weaponBlurIntensity hash=0x91d9a2df
[flat-probe] MISS name=Items.Preset_Nova_Default.minimumReloadTime hash=0x1ee75bb9
[flat-probe] MISS name=Items.Preset_Nova_Default.scaleToPlayer hash=0x73777a62
[flat-probe] MISS name=Items.Preset_Lexington_Default.weaponNearPlane hash=0x3f0e8643
[flat-probe] MISS name=Items.Preset_Lexington_Default.weaponVignetteIntensity hash=0xa4ee4b24
[flat-probe] MISS name=Items.Preset_Lexington_Default.minimumReloadTime hash=0x6d6d54cd
[flat-probe] MISS name=Items.Preset_HMG_Default.weaponNearPlane hash=0x22689253
[flat-probe] MISS name=Items.Preset_HMG_Default.minimumReloadTime hash=0x3d758f87
[flat-probe] MISS name=Items.Preset_Defender_Default.weaponVignetteIntensity hash=0x200c94b3
[flat-probe] MISS name=Items.Preset_Defender_Default.minimumReloadTime hash=0xe63a2ce2
[flat-probe] MISS name=Items.Preset_Burya_Default.weaponNearPlane hash=0x0a4af949
[flat-probe] MISS name=Items.Preset_Burya_Default.specialAttackCost hash=0x0892accc
[flat-probe] MISS name=Items.Preset_Overture_Default.weaponNearPlane hash=0xba8948e3
[flat-probe] MISS name=Items.Preset_Overture_Default.weaponVignetteIntensity hash=0xe83253fc
[flat-probe] MISS name=Items.Preset_Quasar_Default.minimumReloadTime hash=0x8cff6bd1
[flat-probe] MISS name=Items.Preset_Crusher_Default.minimumReloadTime hash=0xcf91e8c4
[flat-probe] MISS name=Items.Preset_Dian_Default.weaponNearPlane hash=0xb76a2222
[flat-probe] MISS name=Items.Preset_Pulsar_Default.weaponVignetteIntensity hash=0x1ceaf5e5
[flat-probe] MISS name=Items.Preset_Saratoga_Default.weaponNearPlane hash=0xc8010697
[flat-probe] MISS name=Items.Preset_Shingen_Default.weaponEdgesSharpness hash=0x9b09e172
[flat-probe] MISS name=Items.Preset_Metel_Default.weaponNearPlane hash=0x56241019
[flat-probe] MISS name=Items.Preset_Nova_Default.specialAttackNumber hash=0x488ed24f
[flat-probe] MISS name=Items.Preset_Nova_Default.numberOfHandAnims hash=0xbf2c758b
[flat-probe] MISS name=Items.Preset_Nova_Default.saveStatPools hash=0xb6ab8fa5
[flat-probe] MISS name=Items.Preset_Nova_Default.weaponSwapOnAttackDelay hash=0x70894215
[flat-probe] MISS name=Items.GrenadeFragRegular.delayToDetonate hash=0x1d2a9b06
[flat-probe] MISS name=Items.GrenadeFragRegular.explodeOnImpact hash=0x3ca99f4f
[flat-probe] MISS name=Items.GrenadeFragRegular.minimumDistanceFromFloor hash=0xc5c596fd
[flat-probe] MISS name=Items.GrenadeFragSticky.delayToDetonate hash=0x6e3f9975
[flat-probe] MISS name=Items.GrenadeFragSticky.explodeOnImpact hash=0x4fbc9d3c
[flat-probe] MISS name=Items.GrenadeFlashRegular.delayToDetonate hash=0x23bb8a4c
[flat-probe] MISS name=Items.GrenadeEMPRegular.delayToDetonate hash=0xba29944b
[flat-probe] MISS name=Items.GrenadeEMPRegular.turretDisableDuration hash=0x4d82a039
[flat-probe] MISS name=Items.GrenadeBiohazardRegular.delayToDetonate hash=0x6c76e2f6
[flat-probe] MISS name=Items.GrenadeIncendiaryRegular.delayToDetonate hash=0x33d315a9
[flat-probe] MISS name=Items.GrenadeIncendiaryRegular.freezingDuration hash=0x06a6da34
[flat-probe] MISS name=Items.GrenadeSmokeRegular.smokeEffectRadius hash=0x6e12faae
[flat-probe] MISS name=Items.GrenadeSmokeRegular.smokeEffectDuration hash=0x01eda64a
[flat-probe] MISS name=Items.GrenadeReconRegular.delayToDetonate hash=0xb8eb853e
[flat-probe] MISS name=Items.GrenadeFragRegular.startVelocity hash=0xb9659fe4
[flat-probe] MISS name=Items.GrenadeFragRegular.lifetime hash=0x9338ef8f
[flat-probe] MISS name=Attacks.MissileProjectile.explosionRadius hash=0xdef451b5
[flat-probe] MISS name=Attacks.MissileProjectile.explosionRange hash=0xce06b884
[flat-probe] MISS name=Attacks.MissileProjectile.detonationTimer hash=0x0cfdf5ea
[flat-probe] MISS name=Attacks.MissileProjectile.gravitySimulation hash=0x338cc89d
[flat-probe] MISS name=Attacks.HerculesProjectile.explosionRadius hash=0x17ab0995
[flat-probe] MISS name=Attacks.HerculesProjectile.explosionRange hash=0x9d7e1ef7
[flat-probe] MISS name=Attacks.ChimeraRocketProjectile.explosionRadius hash=0x110030aa
[flat-probe] MISS name=Attacks.ChimeraRocketProjectile.explosionRange hash=0x80f23eb2
[flat-probe] MISS name=Attacks.RocketChargedProjectile.explosionRadius hash=0x2d80b08b
[flat-probe] MISS name=Attacks.EMPProjectile.explosionRadius hash=0xe6a04b11
[flat-probe] MISS name=Attacks.ChemicalProjectile.armingDistance hash=0xc4eb8ce5
[flat-probe] MISS name=Attacks.PlasmaProjectile.explosionRadius hash=0xee07d4ab
[flat-probe] MISS name=Attacks.Bullet_GameEffect.chance hash=0xbcf5cb02
[flat-probe] MISS name=Attacks.Bullet_GameEffect.attackEffectDuration hash=0x9bddf753
[flat-probe] MISS name=Character.Player_Puppet_Base.mass hash=0xf50b4a8c
[flat-probe] MISS name=Character.Player_Puppet_Base.sizeFront hash=0x2deb7422
[flat-probe] MISS name=Character.Player_Puppet_Base.sizeBack hash=0xab2cee50
[flat-probe] MISS name=Character.Player_Puppet_Base.sizeLeft hash=0xbc85c80f
[flat-probe] MISS name=Character.Player_Puppet_Base.sizeRight hash=0x67da63c0
[flat-probe] MISS name=Character.Player_Puppet_Base.walkTiltCoefficient hash=0x190e773e
[flat-probe] MISS name=Character.Player_Puppet_Base.tiltAngleOnSpeed hash=0x878562d0
[flat-probe] MISS name=Character.Player_Puppet_Base.turnInertiaDamping hash=0xdaad59f5
[flat-probe] MISS name=Character.Player_Puppet_Base.pseudoAcceleration hash=0x5aa021d1
[flat-probe] MISS name=Character.Player_Puppet_Base.airDeathRagdollDelay hash=0x3d6e5934
[flat-probe] MISS name=Character.Player_Puppet_Base.speedIdleThreshold hash=0x6401249b
[flat-probe] MISS name=Character.Player_Puppet_Base.saveStatPools hash=0x4a4558f6
[flat-probe] MISS name=Character.Silverhand.mass hash=0xec106cb2
[flat-probe] MISS name=Character.Silverhand.level hash=0x1bd4c9e9
[flat-probe] MISS name=Character.johnny_replacer.mass hash=0xb87511b0
[flat-probe] MISS name=Character.Player_Puppet_Base.combatDefaultZOffset hash=0x34fcaae5
[flat-probe] MISS name=Character.Player_Puppet_Base.massNormalizedCoefficient hash=0xef515efe
[flat-probe] MISS name=Character.Player_Puppet_Base.startingRecoveryBalance hash=0x8d17996d
[flat-probe] MISS name=BaseStatusEffect.BerserkNPCBuff.expModifier hash=0x2150d839
[flat-probe] MISS name=BaseStatusEffect.BerserkNPCBuff.costReductionPerStack hash=0x40d87d24
[flat-probe] MISS name=BaseStatusEffect.BerserkNPCBuff.canReapply hash=0x2b2b74f8
[flat-probe] MISS name=BaseStatusEffect.AirDrop_Burning.armorMeltMaxPercent hash=0x71b6fbde
[flat-probe] MISS name=BaseStatusEffect.AirDrop_Burning.canReapply hash=0xc39a5942
[flat-probe] MISS name=BaseStatusEffect.Cloaked.expModifier hash=0xe18591cb
[flat-probe] MISS name=BaseStatusEffect.Cloaked.canReapply hash=0x440e2b87
[flat-probe] MISS name=BaseStatusEffect.ForceKill.canReapply hash=0xddc3c5a3
[flat-probe] MISS name=BaseStatusEffect.GlowingTattoos.canReapply hash=0xc32726c8
[flat-probe] MISS name=BaseStatusEffect.CloakedOda.canReapply hash=0x09266ab6
[flat-probe] MISS name=Items.GoodQualityAlcohol1.amountOfCapacityGivenForRipperdocUI hash=0x1d29ff8f
[flat-probe] MISS name=Items.GoodQualityDrink1.amountOfCapacityGivenForRipperdocUI hash=0x54e4236f
[flat-probe] MISS name=Items.FirstAidWhiffV0.amountOfCapacityGivenForRipperdocUI hash=0x1d7c16d4
[flat-probe] MISS name=NewPerks.RipAndTearRanged_Buff.timeDilationStrength hash=0x4770f22e
[flat-probe] MISS name=NewPerks.RipAndTearRanged_Buff.timeDilationDuration hash=0x17969336
[flat-probe] MISS name=Attacks.RocketChargedExplosion.explosionRadius hash=0xe026344c
[flat-probe] MISS name=Attacks.PanzerRainMissile.explosionRadius hash=0x2e3fdd77
[flat-probe] MISS name=Attacks.DelamainRainMissile.explosionRadius hash=0x9dcf4756
[flat-probe] MISS name=Attacks.RainMissile.explosionRadius hash=0x2a4f0ea1
[flat-probe] MISS name=Items.Preset_HMG_Default.weaponVignetteIntensity hash=0x0d197da6
[flat-probe] MISS name=Character.Player_Puppet_Base.level hash=0xdaaccf64
[flat-probe] sweep complete: 98 candidates, hits=0, misses=98
[apply-trigger] after VerifyCandidateFlats
[apply-trigger] system callbacks done; user mods can apply now
[tweakxl] mods dir: $HOME/Library/Application Support/Steam/steamapps/common/Cyberpunk 2077/r6/tweaks
[tweakxl] mods dir not found / not a directory — nothing to apply
[tweakxl] mods scanned: 0 (yaml=0, tweak=0)
