[red4ext-mac] loader init 2026-05-29T14:16:33, base=0x1029b0000 slide=0x29b0000
[singleton-access] initial poll: 0x0 (null — expected at load time; DB built later)
[apply-trigger] polling thread started (interval=50ms, stable-threshold=3 polls, timeout=300000ms)
[tweakxl] plugin orchestrator init
[apply-trigger] singleton non-null at poll 60 (TweakDB=0x3230e08f0)
[apply-trigger] count stable at 843 after 3 consecutive polls
[apply-trigger] firing callbacks (db=0x3230e08f0, poll #86)
[apply-trigger] callback batch snapshot: size=2 fired=0
[apply-trigger] lambda entered (db=0x3230e08f0)
[tweakdb] H-008 verification: mapA(+0x58).count=193354 mapC(+0x108).count=10 verdict=flats-is-A
[tweakdb] H-008 raw: mapA{@08=193354,@0c=193354} records{@08=843,@0c=843} mapC{@08=10,@0c=13} (F-015 lists mapC.count@0c=+0x114; F-012/F-019 use @08)
[tweakdb] state: records.count=843 valueBufferSize=4291664
[apply-trigger] after VerifyH008
[hashmap] hash-function: fnv1a-8B stored=0x6e840af2 computed=0x6e840af2 key=<TweakDBID(0x0a9276d0,len=1,off=0x000000)> bucket=5/843
[hashmap] lookup-test: pass key=<TweakDBID(0x0a9276d0,len=1)> entry=0x701f948960 expected=0x701f948960
[apply-trigger] after VerifyHashFunction
[flat-layout] flats: count=193354 stride=0x20 bufferBase=0x71b204000 bufferSize=4291664
[flat-layout] sample[0]: hash=0xce8348b9 key=<TweakDBID(0xce8348b9,len=39,off=0x000000)> viaTdb.vft=0x0 viaTdb.raw32=0x00000000 asI32=0 asF32=0 entry+0x10.i32=444327600 ptr@0x10=0x31a7be6b0 ptr@0x18=0x31a228098
[flat-layout] sample[1]: hash=0x8ccf59c9 key=<TweakDBID(0x8ccf59c9,len=43,off=0x000000)> viaTdb.vft=0x0 viaTdb.raw32=0x00000000 asI32=0 asF32=0 entry+0x10.i32=445486640 ptr@0x10=0x31a8d9630 ptr@0x18=0x31a9174c0
[flat-layout] sample[2]: hash=0x5bd16bfd key=<TweakDBID(0x5bd16bfd,len=28,off=0x000000)> viaTdb.vft=0x0 viaTdb.raw32=0x00000000 asI32=0 asF32=0 entry+0x10.i32=451026928 ptr@0x10=0x31ae21ff0 ptr@0x18=0x31aefe620
[flat-layout] sample[3]: hash=0x3dbd038a key=<TweakDBID(0x3dbd038a,len=49,off=0x000000)> viaTdb.vft=0x0 viaTdb.raw32=0x00000000 asI32=0 asF32=0 entry+0x10.i32=454609856 ptr@0x10=0x31b18cbc0 ptr@0x18=0x31b151ef8
[flat-layout] sample[4]: hash=0xa1d4c90d key=<TweakDBID(0xa1d4c90d,len=52,off=0x000000)> viaTdb.vft=0x0 viaTdb.raw32=0x00000000 asI32=0 asF32=0 entry+0x10.i32=443041104 ptr@0x10=0x31a684550 ptr@0x18=0x31a6c6480
[flat-layout] sample[5]: hash=0x23a86068 key=<TweakDBID(0x23a86068,len=39,off=0x000000)> viaTdb.vft=0x0 viaTdb.raw32=0x00000000 asI32=0 asF32=0 entry+0x10.i32=457133520 ptr@0x10=0x31b3f4dd0 ptr@0x18=0x31b4bbb88
[flat-layout] verdict: flatValue-ptr-at-entry type-tag-offset:+0x00(vft) value-data-offset:+0x8 buffer-offset-source:entry-ptr tally{tdb=0 ptr@0x18=6 ptr@0x10=6 entryOff=0}/6
[hashmap] flats-map hash-function: nameHash-direct stored=0xce8348b9 fnv8=0x0ee3fa46 fnv5=0x33c7bd12 crc8=0x289b8eb0 name=0xce8348b9
[flat-rw] read id=<TweakDBID(0xce8348b9,len=39)> found=yes raw=0x00000002
[flat-write] id=<TweakDBID(0xce8348b9,len=39)> type=Int32 @0x31a2280a0 old=0x00000002 new=0x00000003 width=4 verify=ok
[flat-rw] write id=<0xce8348b9> old=0x00000002 new=0x00000003 result=ok reread=0x00000003 match=yes
[flat-write] id=<TweakDBID(0xce8348b9,len=39)> type=Int32 @0x31a2280a0 old=0x00000003 new=0x00000002 width=4 verify=ok
[flat-rw] restore old=0x00000002 result=ok
[flat-rw] verdict: pass
[apply-trigger] after VerifyFlatEntry
[apply-trigger] system callbacks done; user mods can apply now
[tweakxl] mods dir: /tmp/tweakxl-cinema-mods
[tweakxl] mods scanned: 3 (yaml=3, tweak=0)
[tweakxl] yaml applied: 0/3, ops applied: 0, skipped: 0, rejected: 5, rollbacks: 0
[tweakxl] tweak files skipped: 0 (P1.11b)
